<?xml version="1.0" encoding="UTF-8"?>
<testsuite xmlns:xsi="http://www.w3.org/2001/XMLSchema-instance" xsi:noNamespaceSchemaLocation="https://maven.apache.org/surefire/maven-surefire-plugin/xsd/surefire-test-report-3.0.xsd" version="3.0" name="org.acme.travels.PersonProcessTest" time="10.581" tests="2" errors="0" skipped="0" failures="0">
  <properties>
    <property name="gopherProxySet" value="false"/>
    <property name="awt.toolkit" value="sun.lwawt.macosx.LWCToolkit"/>
    <property name="java.specification.version" value="11"/>
    <property name="sun.cpu.isalist" value=""/>
    <property name="sun.jnu.encoding" value="UTF-8"/>
    <property name="test.url" value="http://localhost:64496"/>
    <property name="java.class.path" value="/Users/beidaortiz/Downloads/kogito-examples-stable/kogito-quarkus-examples/process-business-rules-quarkus/target/test-classes:/Users/beidaortiz/Downloads/kogito-examples-stable/kogito-quarkus-examples/process-business-rules-quarkus/target/classes:/Users/beidaortiz/.m2/repository/io/quarkus/quarkus-resteasy/2.7.1.Final/quarkus-resteasy-2.7.1.Final.jar:/Users/beidaortiz/.m2/repository/io/quarkus/quarkus-vertx-http/2.7.1.Final/quarkus-vertx-http-2.7.1.Final.jar:/Users/beidaortiz/.m2/repository/io/quarkus/quarkus-security-runtime-spi/2.7.1.Final/quarkus-security-runtime-spi-2.7.1.Final.jar:/Users/beidaortiz/.m2/repository/io/quarkus/quarkus-mutiny/2.7.1.Final/quarkus-mutiny-2.7.1.Final.jar:/Users/beidaortiz/.m2/repository/io/smallrye/reactive/mutiny/1.3.1/mutiny-1.3.1.jar:/Users/beidaortiz/.m2/repository/org/reactivestreams/reactive-streams/1.0.3/reactive-streams-1.0.3.jar:/Users/beidaortiz/.m2/repository/io/quarkus/quarkus-smallrye-context-propagation/2.7.1.Final/quarkus-smallrye-context-propagation-2.7.1.Final.jar:/Users/beidaortiz/.m2/repository/io/smallrye/smallrye-context-propagation/1.2.2/smallrye-context-propagation-1.2.2.jar:/Users/beidaortiz/.m2/repository/io/smallrye/smallrye-context-propagation-api/1.2.2/smallrye-context-propagation-api-1.2.2.jar:/Users/beidaortiz/.m2/repository/io/smallrye/smallrye-context-propagation-storage/1.2.2/smallrye-context-propagation-storage-1.2.2.jar:/Users/beidaortiz/.m2/repository/io/smallrye/reactive/mutiny-smallrye-context-propagation/1.3.1/mutiny-smallrye-context-propagation-1.3.1.jar:/Users/beidaortiz/.m2/repository/io/quarkus/quarkus-vertx-http-dev-console-runtime-spi/2.7.1.Final/quarkus-vertx-http-dev-console-runtime-spi-2.7.1.Final.jar:/Users/beidaortiz/.m2/repository/io/quarkus/security/quarkus-security/1.1.4.Final/quarkus-security-1.1.4.Final.jar:/Users/beidaortiz/.m2/repository/io/quarkus/quarkus-vertx/2.7.1.Final/quarkus-vertx-2.7.1.Final.jar:/Users/beidaortiz/.m2/repository/io/quarkus/quarkus-netty/2.7.1.Final/quarkus-netty-2.7.1.Final.jar:/Users/beidaortiz/.m2/repository/io/netty/netty-codec/4.1.73.Final/netty-codec-4.1.73.Final.jar:/Users/beidaortiz/.m2/repository/io/netty/netty-codec-http/4.1.73.Final/netty-codec-http-4.1.73.Final.jar:/Users/beidaortiz/.m2/repository/io/netty/netty-codec-http2/4.1.73.Final/netty-codec-http2-4.1.73.Final.jar:/Users/beidaortiz/.m2/repository/io/netty/netty-handler/4.1.73.Final/netty-handler-4.1.73.Final.jar:/Users/beidaortiz/.m2/repository/io/netty/netty-tcnative-classes/2.0.46.Final/netty-tcnative-classes-2.0.46.Final.jar:/Users/beidaortiz/.m2/repository/io/netty/netty-codec-haproxy/4.1.73.Final/netty-codec-haproxy-4.1.73.Final.jar:/Users/beidaortiz/.m2/repository/io/netty/netty-buffer/4.1.73.Final/netty-buffer-4.1.73.Final.jar:/Users/beidaortiz/.m2/repository/io/netty/netty-transport/4.1.73.Final/netty-transport-4.1.73.Final.jar:/Users/beidaortiz/.m2/repository/io/smallrye/common/smallrye-common-annotation/1.8.0/smallrye-common-annotation-1.8.0.jar:/Users/beidaortiz/.m2/repository/io/smallrye/reactive/smallrye-mutiny-vertx-core/2.18.1/smallrye-mutiny-vertx-core-2.18.1.jar:/Users/beidaortiz/.m2/repository/io/smallrye/reactive/smallrye-mutiny-vertx-runtime/2.18.1/smallrye-mutiny-vertx-runtime-2.18.1.jar:/Users/beidaortiz/.m2/repository/io/smallrye/reactive/vertx-mutiny-generator/2.18.1/vertx-mutiny-generator-2.18.1.jar:/Users/beidaortiz/.m2/repository/io/vertx/vertx-codegen/4.2.4/vertx-codegen-4.2.4.jar:/Users/beidaortiz/.m2/repository/io/smallrye/smallrye-fault-tolerance-vertx/5.2.1/smallrye-fault-tolerance-vertx-5.2.1.jar:/Users/beidaortiz/.m2/repository/io/smallrye/reactive/smallrye-mutiny-vertx-web/2.18.1/smallrye-mutiny-vertx-web-2.18.1.jar:/Users/beidaortiz/.m2/repository/io/smallrye/reactive/smallrye-mutiny-vertx-web-common/2.18.1/smallrye-mutiny-vertx-web-common-2.18.1.jar:/Users/beidaortiz/.m2/repository/io/smallrye/reactive/smallrye-mutiny-vertx-auth-common/2.18.1/smallrye-mutiny-vertx-auth-common-2.18.1.jar:/Users/beidaortiz/.m2/repository/io/smallrye/reactive/smallrye-mutiny-vertx-bridge-common/2.18.1/smallrye-mutiny-vertx-bridge-common-2.18.1.jar:/Users/beidaortiz/.m2/repository/io/vertx/vertx-web/4.2.4/vertx-web-4.2.4.jar:/Users/beidaortiz/.m2/repository/io/vertx/vertx-web-common/4.2.4/vertx-web-common-4.2.4.jar:/Users/beidaortiz/.m2/repository/io/vertx/vertx-auth-common/4.2.4/vertx-auth-common-4.2.4.jar:/Users/beidaortiz/.m2/repository/io/vertx/vertx-bridge-common/4.2.4/vertx-bridge-common-4.2.4.jar:/Users/beidaortiz/.m2/repository/io/vertx/vertx-core/4.2.4/vertx-core-4.2.4.jar:/Users/beidaortiz/.m2/repository/io/netty/netty-common/4.1.73.Final/netty-common-4.1.73.Final.jar:/Users/beidaortiz/.m2/repository/io/netty/netty-handler-proxy/4.1.73.Final/netty-handler-proxy-4.1.73.Final.jar:/Users/beidaortiz/.m2/repository/io/netty/netty-codec-socks/4.1.73.Final/netty-codec-socks-4.1.73.Final.jar:/Users/beidaortiz/.m2/repository/io/netty/netty-resolver/4.1.73.Final/netty-resolver-4.1.73.Final.jar:/Users/beidaortiz/.m2/repository/io/netty/netty-resolver-dns/4.1.73.Final/netty-resolver-dns-4.1.73.Final.jar:/Users/beidaortiz/.m2/repository/io/netty/netty-codec-dns/4.1.73.Final/netty-codec-dns-4.1.73.Final.jar:/Users/beidaortiz/.m2/repository/io/quarkus/quarkus-resteasy-server-common/2.7.1.Final/quarkus-resteasy-server-common-2.7.1.Final.jar:/Users/beidaortiz/.m2/repository/io/quarkus/quarkus-resteasy-common/2.7.1.Final/quarkus-resteasy-common-2.7.1.Final.jar:/Users/beidaortiz/.m2/repository/org/jboss/resteasy/resteasy-core/4.7.5.Final/resteasy-core-4.7.5.Final.jar:/Users/beidaortiz/.m2/repository/org/jboss/spec/javax/ws/rs/jboss-jaxrs-api_2.1_spec/2.0.1.Final/jboss-jaxrs-api_2.1_spec-2.0.1.Final.jar:/Users/beidaortiz/.m2/repository/org/jboss/resteasy/resteasy-core-spi/4.7.5.Final/resteasy-core-spi-4.7.5.Final.jar:/Users/beidaortiz/.m2/repository/com/ibm/async/asyncutil/0.1.0/asyncutil-0.1.0.jar:/Users/beidaortiz/.m2/repository/com/sun/activation/jakarta.activation/1.2.1/jakarta.activation-1.2.1.jar:/Users/beidaortiz/.m2/repository/jakarta/validation/jakarta.validation-api/2.0.2/jakarta.validation-api-2.0.2.jar:/Users/beidaortiz/.m2/repository/io/quarkus/quarkus-resteasy-jackson/2.7.1.Final/quarkus-resteasy-jackson-2.7.1.Final.jar:/Users/beidaortiz/.m2/repository/io/quarkus/quarkus-jackson/2.7.1.Final/quarkus-jackson-2.7.1.Final.jar:/Users/beidaortiz/.m2/repository/com/fasterxml/jackson/core/jackson-databind/2.13.1/jackson-databind-2.13.1.jar:/Users/beidaortiz/.m2/repository/com/fasterxml/jackson/datatype/jackson-datatype-jsr310/2.13.1/jackson-datatype-jsr310-2.13.1.jar:/Users/beidaortiz/.m2/repository/com/fasterxml/jackson/datatype/jackson-datatype-jdk8/2.13.1/jackson-datatype-jdk8-2.13.1.jar:/Users/beidaortiz/.m2/repository/com/fasterxml/jackson/module/jackson-module-parameter-names/2.13.1/jackson-module-parameter-names-2.13.1.jar:/Users/beidaortiz/.m2/repository/org/jboss/resteasy/resteasy-jackson2-provider/4.7.5.Final/resteasy-jackson2-provider-4.7.5.Final.jar:/Users/beidaortiz/.m2/repository/com/fasterxml/jackson/core/jackson-core/2.13.1/jackson-core-2.13.1.jar:/Users/beidaortiz/.m2/repository/com/fasterxml/jackson/core/jackson-annotations/2.13.1/jackson-annotations-2.13.1.jar:/Users/beidaortiz/.m2/repository/com/fasterxml/jackson/jaxrs/jackson-jaxrs-json-provider/2.13.1/jackson-jaxrs-json-provider-2.13.1.jar:/Users/beidaortiz/.m2/repository/com/fasterxml/jackson/jaxrs/jackson-jaxrs-base/2.13.1/jackson-jaxrs-base-2.13.1.jar:/Users/beidaortiz/.m2/repository/com/fasterxml/jackson/module/jackson-module-jaxb-annotations/2.13.1/jackson-module-jaxb-annotations-2.13.1.jar:/Users/beidaortiz/.m2/repository/com/github/java-json-tools/json-patch/1.13/json-patch-1.13.jar:/Users/beidaortiz/.m2/repository/com/github/java-json-tools/msg-simple/1.2/msg-simple-1.2.jar:/Users/beidaortiz/.m2/repository/com/github/java-json-tools/btf/1.3/btf-1.3.jar:/Users/beidaortiz/.m2/repository/com/github/java-json-tools/jackson-coreutils/2.0/jackson-coreutils-2.0.jar:/Users/beidaortiz/.m2/repository/org/jboss/logging/jboss-logging/3.4.3.Final/jboss-logging-3.4.3.Final.jar:/Users/beidaortiz/.m2/repository/org/jboss/spec/javax/xml/bind/jboss-jaxb-api_2.3_spec/2.0.0.Final/jboss-jaxb-api_2.3_spec-2.0.0.Final.jar:/Users/beidaortiz/.m2/repository/org/kie/kogito/kogito-quarkus/1.18.0.Final/kogito-quarkus-1.18.0.Final.jar:/Users/beidaortiz/.m2/repository/org/kie/kogito/kogito-quarkus-common/1.18.0.Final/kogito-quarkus-common-1.18.0.Final.jar:/Users/beidaortiz/.m2/repository/org/kie/kogito/kogito-api-incubation-application/1.18.0.Final/kogito-api-incubation-application-1.18.0.Final.jar:/Users/beidaortiz/.m2/repository/org/kie/kogito/kogito-api-incubation-common/1.18.0.Final/kogito-api-incubation-common-1.18.0.Final.jar:/Users/beidaortiz/.m2/repository/org/kie/kogito/kogito-api-incubation-common-objectmapper/1.18.0.Final/kogito-api-incubation-common-objectmapper-1.18.0.Final.jar:/Users/beidaortiz/.m2/repository/org/mvel/mvel2/2.4.12.Final/mvel2-2.4.12.Final.jar:/Users/beidaortiz/.m2/repository/com/jayway/jsonpath/json-path/2.6.0/json-path-2.6.0.jar:/Users/beidaortiz/.m2/repository/net/minidev/json-smart/2.4.7/json-smart-2.4.7.jar:/Users/beidaortiz/.m2/repository/net/minidev/accessors-smart/2.4.7/accessors-smart-2.4.7.jar:/Users/beidaortiz/.m2/repository/io/quarkus/arc/arc-processor/2.7.1.Final/arc-processor-2.7.1.Final.jar:/Users/beidaortiz/.m2/repository/io/quarkus/gizmo/gizmo/1.0.10.Final/gizmo-1.0.10.Final.jar:/Users/beidaortiz/.m2/repository/org/ow2/asm/asm-util/9.2/asm-util-9.2.jar:/Users/beidaortiz/.m2/repository/org/kie/kogito/kogito-api/1.18.0.Final/kogito-api-1.18.0.Final.jar:/Users/beidaortiz/.m2/repository/org/kie/kie-api/8.18.0.Beta/kie-api-8.18.0.Beta.jar:/Users/beidaortiz/.m2/repository/org/drools/drools-ruleunits-api/8.18.0.Beta/drools-ruleunits-api-8.18.0.Beta.jar:/Users/beidaortiz/.m2/repository/org/kie/kie-internal/8.18.0.Beta/kie-internal-8.18.0.Beta.jar:/Users/beidaortiz/.m2/repository/org/kie/kie-dmn-api/8.18.0.Beta/kie-dmn-api-8.18.0.Beta.jar:/Users/beidaortiz/.m2/repository/org/kie/kie-dmn-model/8.18.0.Beta/kie-dmn-model-8.18.0.Beta.jar:/Users/beidaortiz/.m2/repository/org/kie/kogito/kogito-timer/1.18.0.Final/kogito-timer-1.18.0.Final.jar:/Users/beidaortiz/.m2/repository/org/kie/kie-pmml-evaluator-api/8.18.0.Beta/kie-pmml-evaluator-api-8.18.0.Beta.jar:/Users/beidaortiz/.m2/repository/org/kie/kie-pmml-api/8.18.0.Beta/kie-pmml-api-8.18.0.Beta.jar:/Users/beidaortiz/.m2/repository/org/apache/commons/commons-math3/3.4.1/commons-math3-3.4.1.jar:/Users/beidaortiz/.m2/repository/org/kie/kie-pmml-commons/8.18.0.Beta/kie-pmml-commons-8.18.0.Beta.jar:/Users/beidaortiz/.m2/repository/org/apache/commons/commons-text/1.9/commons-text-1.9.jar:/Users/beidaortiz/.m2/repository/jakarta/annotation/jakarta.annotation-api/1.3.5/jakarta.annotation-api-1.3.5.jar:/Users/beidaortiz/.m2/repository/org/kie/kogito/kogito-quarkus-rules/1.18.0.Final/kogito-quarkus-rules-1.18.0.Final.jar:/Users/beidaortiz/.m2/repository/org/kie/kogito/kogito-api-incubation-rules-services/1.18.0.Final/kogito-api-incubation-rules-services-1.18.0.Final.jar:/Users/beidaortiz/.m2/repository/org/kie/kogito/kogito-api-incubation-rules/1.18.0.Final/kogito-api-incubation-rules-1.18.0.Final.jar:/Users/beidaortiz/.m2/repository/org/kie/kogito/kogito-drools/1.18.0.Final/kogito-drools-1.18.0.Final.jar:/Users/beidaortiz/.m2/repository/org/drools/drools-compiler/8.18.0.Beta/drools-compiler-8.18.0.Beta.jar:/Users/beidaortiz/.m2/repository/org/drools/drools-drl-parser/8.18.0.Beta/drools-drl-parser-8.18.0.Beta.jar:/Users/beidaortiz/.m2/repository/org/drools/drools-drl-extensions/8.18.0.Beta/drools-drl-extensions-8.18.0.Beta.jar:/Users/beidaortiz/.m2/repository/org/drools/drools-wiring-api/8.18.0.Beta/drools-wiring-api-8.18.0.Beta.jar:/Users/beidaortiz/.m2/repository/org/drools/drools-core/8.18.0.Beta/drools-core-8.18.0.Beta.jar:/Users/beidaortiz/.m2/repository/org/drools/drools-wiring-static/8.18.0.Beta/drools-wiring-static-8.18.0.Beta.jar:/Users/beidaortiz/.m2/repository/org/drools/drools-drl-ast/8.18.0.Beta/drools-drl-ast-8.18.0.Beta.jar:/Users/beidaortiz/.m2/repository/org/drools/drools-kiesession/8.18.0.Beta/drools-kiesession-8.18.0.Beta.jar:/Users/beidaortiz/.m2/repository/org/kie/kie-memory-compiler/8.18.0.Beta/kie-memory-compiler-8.18.0.Beta.jar:/Users/beidaortiz/.m2/repository/org/drools/drools-ecj/8.18.0.Beta/drools-ecj-8.18.0.Beta.jar:/Users/beidaortiz/.m2/repository/org/kie/kie-util-xml/8.18.0.Beta/kie-util-xml-8.18.0.Beta.jar:/Users/beidaortiz/.m2/repository/org/kie/kie-util-maven-support/8.18.0.Beta/kie-util-maven-support-8.18.0.Beta.jar:/Users/beidaortiz/.m2/repository/org/antlr/antlr-runtime/3.5.2/antlr-runtime-3.5.2.jar:/Users/beidaortiz/.m2/repository/org/drools/drools-ruleunits-impl/8.18.0.Beta/drools-ruleunits-impl-8.18.0.Beta.jar:/Users/beidaortiz/.m2/repository/org/drools/drools-model-compiler/8.18.0.Beta/drools-model-compiler-8.18.0.Beta.jar:/Users/beidaortiz/.m2/repository/org/drools/drools-canonical-model/8.18.0.Beta/drools-canonical-model-8.18.0.Beta.jar:/Users/beidaortiz/.m2/repository/com/github/javaparser/javaparser-core/3.23.1/javaparser-core-3.23.1.jar:/Users/beidaortiz/.m2/repository/org/drools/drools-mvel-parser/8.18.0.Beta/drools-mvel-parser-8.18.0.Beta.jar:/Users/beidaortiz/.m2/repository/org/drools/drools-mvel-compiler/8.18.0.Beta/drools-mvel-compiler-8.18.0.Beta.jar:/Users/beidaortiz/.m2/repository/org/kie/kogito/kogito-quarkus-decisions/1.18.0.Final/kogito-quarkus-decisions-1.18.0.Final.jar:/Users/beidaortiz/.m2/repository/org/kie/kogito/kogito-api-incubation-decisions-services/1.18.0.Final/kogito-api-incubation-decisions-services-1.18.0.Final.jar:/Users/beidaortiz/.m2/repository/org/kie/kogito/kogito-api-incubation-decisions/1.18.0.Final/kogito-api-incubation-decisions-1.18.0.Final.jar:/Users/beidaortiz/.m2/repository/org/kie/kogito/kogito-dmn/1.18.0.Final/kogito-dmn-1.18.0.Final.jar:/Users/beidaortiz/.m2/repository/org/kie/kie-dmn-core/8.18.0.Beta/kie-dmn-core-8.18.0.Beta.jar:/Users/beidaortiz/.m2/repository/org/kie/kie-dmn-backend/8.18.0.Beta/kie-dmn-backend-8.18.0.Beta.jar:/Users/beidaortiz/.m2/repository/org/kie/kie-dmn-feel/8.18.0.Beta/kie-dmn-feel-8.18.0.Beta.jar:/Users/beidaortiz/.m2/repository/ch/obermuhlner/big-math/2.0.1/big-math-2.0.1.jar:/Users/beidaortiz/.m2/repository/org/drools/drools-alphanetwork-compiler/8.18.0.Beta/drools-alphanetwork-compiler-8.18.0.Beta.jar:/Users/beidaortiz/.m2/repository/org/antlr/antlr4-runtime/4.9.2/antlr4-runtime-4.9.2.jar:/Users/beidaortiz/.m2/repository/org/jpmml/pmml-model/1.5.1/pmml-model-1.5.1.jar:/Users/beidaortiz/.m2/repository/org/jpmml/pmml-agent/1.5.1/pmml-agent-1.5.1.jar:/Users/beidaortiz/.m2/repository/org/kie/kie-dmn-validation/8.18.0.Beta/kie-dmn-validation-8.18.0.Beta.jar:/Users/beidaortiz/.m2/repository/org/kie/kogito/kogito-quarkus-predictions/1.18.0.Final/kogito-quarkus-predictions-1.18.0.Final.jar:/Users/beidaortiz/.m2/repository/org/kie/kogito/kogito-pmml/1.18.0.Final/kogito-pmml-1.18.0.Final.jar:/Users/beidaortiz/.m2/repository/org/kie/kie-pmml-dependencies/8.18.0.Beta/kie-pmml-dependencies-8.18.0.Beta.jar:/Users/beidaortiz/.m2/repository/org/kie/kie-pmml-compiler-api/8.18.0.Beta/kie-pmml-compiler-api-8.18.0.Beta.jar:/Users/beidaortiz/.m2/repository/org/glassfish/jaxb/jaxb-runtime/2.3.3-b02/jaxb-runtime-2.3.3-b02.jar:/Users/beidaortiz/.m2/repository/org/glassfish/jaxb/txw2/2.3.3-b02/txw2-2.3.3-b02.jar:/Users/beidaortiz/.m2/repository/com/sun/istack/istack-commons-runtime/3.0.10/istack-commons-runtime-3.0.10.jar:/Users/beidaortiz/.m2/repository/org/kie/kie-pmml-compiler-core/8.18.0.Beta/kie-pmml-compiler-core-8.18.0.Beta.jar:/Users/beidaortiz/.m2/repository/org/kie/kie-pmml-compiler-commons/8.18.0.Beta/kie-pmml-compiler-commons-8.18.0.Beta.jar:/Users/beidaortiz/.m2/repository/org/kie/kie-pmml-evaluator-core/8.18.0.Beta/kie-pmml-evaluator-core-8.18.0.Beta.jar:/Users/beidaortiz/.m2/repository/org/kie/kie-pmml-evaluator-assembler/8.18.0.Beta/kie-pmml-evaluator-assembler-8.18.0.Beta.jar:/Users/beidaortiz/.m2/repository/org/kie/kie-pmml-kie-internal/8.18.0.Beta/kie-pmml-kie-internal-8.18.0.Beta.jar:/Users/beidaortiz/.m2/repository/org/kie/kie-pmml-models-drools-common/8.18.0.Beta/kie-pmml-models-drools-common-8.18.0.Beta.jar:/Users/beidaortiz/.m2/repository/org/kie/kie-pmml-models-regression-model/8.18.0.Beta/kie-pmml-models-regression-model-8.18.0.Beta.jar:/Users/beidaortiz/.m2/repository/org/kie/kie-pmml-models-regression-compiler/8.18.0.Beta/kie-pmml-models-regression-compiler-8.18.0.Beta.jar:/Users/beidaortiz/.m2/repository/org/kie/kie-pmml-models-regression-evaluator/8.18.0.Beta/kie-pmml-models-regression-evaluator-8.18.0.Beta.jar:/Users/beidaortiz/.m2/repository/org/kie/kie-pmml-models-tree-model/8.18.0.Beta/kie-pmml-models-tree-model-8.18.0.Beta.jar:/Users/beidaortiz/.m2/repository/org/kie/kie-pmml-models-tree-compiler/8.18.0.Beta/kie-pmml-models-tree-compiler-8.18.0.Beta.jar:/Users/beidaortiz/.m2/repository/org/kie/kie-pmml-models-tree-evaluator/8.18.0.Beta/kie-pmml-models-tree-evaluator-8.18.0.Beta.jar:/Users/beidaortiz/.m2/repository/org/kie/kie-pmml-models-scorecard-model/8.18.0.Beta/kie-pmml-models-scorecard-model-8.18.0.Beta.jar:/Users/beidaortiz/.m2/repository/org/kie/kie-pmml-models-scorecard-compiler/8.18.0.Beta/kie-pmml-models-scorecard-compiler-8.18.0.Beta.jar:/Users/beidaortiz/.m2/repository/org/kie/kie-pmml-models-scorecard-evaluator/8.18.0.Beta/kie-pmml-models-scorecard-evaluator-8.18.0.Beta.jar:/Users/beidaortiz/.m2/repository/org/kie/kie-pmml-models-mining-model/8.18.0.Beta/kie-pmml-models-mining-model-8.18.0.Beta.jar:/Users/beidaortiz/.m2/repository/org/kie/kie-pmml-models-mining-compiler/8.18.0.Beta/kie-pmml-models-mining-compiler-8.18.0.Beta.jar:/Users/beidaortiz/.m2/repository/org/kie/kie-pmml-models-mining-evaluator/8.18.0.Beta/kie-pmml-models-mining-evaluator-8.18.0.Beta.jar:/Users/beidaortiz/.m2/repository/org/kie/kie-pmml-models-clustering-model/8.18.0.Beta/kie-pmml-models-clustering-model-8.18.0.Beta.jar:/Users/beidaortiz/.m2/repository/org/kie/kie-pmml-models-clustering-compiler/8.18.0.Beta/kie-pmml-models-clustering-compiler-8.18.0.Beta.jar:/Users/beidaortiz/.m2/repository/org/kie/kie-pmml-models-clustering-evaluator/8.18.0.Beta/kie-pmml-models-clustering-evaluator-8.18.0.Beta.jar:/Users/beidaortiz/.m2/repository/org/kie/kogito/kogito-api-incubation-predictions-services/1.18.0.Final/kogito-api-incubation-predictions-services-1.18.0.Final.jar:/Users/beidaortiz/.m2/repository/org/kie/kogito/kogito-api-incubation-predictions/1.18.0.Final/kogito-api-incubation-predictions-1.18.0.Final.jar:/Users/beidaortiz/.m2/repository/org/kie/kogito/kogito-quarkus-processes/1.18.0.Final/kogito-quarkus-processes-1.18.0.Final.jar:/Users/beidaortiz/.m2/repository/org/kie/kogito/kogito-api-incubation-processes-services/1.18.0.Final/kogito-api-incubation-processes-services-1.18.0.Final.jar:/Users/beidaortiz/.m2/repository/org/kie/kogito/kogito-api-incubation-processes/1.18.0.Final/kogito-api-incubation-processes-1.18.0.Final.jar:/Users/beidaortiz/.m2/repository/org/kie/kogito/jbpm-bpmn2/1.18.0.Final/jbpm-bpmn2-1.18.0.Final.jar:/Users/beidaortiz/.m2/repository/org/kie/kogito/jbpm-flow-builder/1.18.0.Final/jbpm-flow-builder-1.18.0.Final.jar:/Users/beidaortiz/.m2/repository/org/drools/drools-xml-support/8.18.0.Beta/drools-xml-support-8.18.0.Beta.jar:/Users/beidaortiz/.m2/repository/org/kie/kogito/jbpm-flow/1.18.0.Final/jbpm-flow-1.18.0.Final.jar:/Users/beidaortiz/.m2/repository/org/kie/kogito/kogito-events-api/1.18.0.Final/kogito-events-api-1.18.0.Final.jar:/Users/beidaortiz/.m2/repository/io/cloudevents/cloudevents-api/2.3.0/cloudevents-api-2.3.0.jar:/Users/beidaortiz/.m2/repository/io/cloudevents/cloudevents-json-jackson/2.3.0/cloudevents-json-jackson-2.3.0.jar:/Users/beidaortiz/.m2/repository/io/cloudevents/cloudevents-core/2.3.0/cloudevents-core-2.3.0.jar:/Users/beidaortiz/.m2/repository/org/kie/kogito/kogito-services/1.18.0.Final/kogito-services-1.18.0.Final.jar:/Users/beidaortiz/.m2/repository/org/kie/kogito/process-workitems/1.18.0.Final/process-workitems-1.18.0.Final.jar:/Users/beidaortiz/.m2/repository/com/github/javaparser/javaparser-symbol-solver-core/3.23.1/javaparser-symbol-solver-core-3.23.1.jar:/Users/beidaortiz/.m2/repository/org/javassist/javassist/3.28.0-GA/javassist-3.28.0-GA.jar:/Users/beidaortiz/.m2/repository/org/drools/drools-mvel/8.18.0.Beta/drools-mvel-8.18.0.Beta.jar:/Users/beidaortiz/.m2/repository/org/kie/kogito/process-serialization-protobuf/1.18.0.Final/process-serialization-protobuf-1.18.0.Final.jar:/Users/beidaortiz/.m2/repository/org/kie/kogito/kogito-jackson-utils/1.18.0.Final/kogito-jackson-utils-1.18.0.Final.jar:/Users/beidaortiz/.m2/repository/com/google/protobuf/protobuf-java/3.19.3/protobuf-java-3.19.3.jar:/Users/beidaortiz/.m2/repository/com/google/protobuf/protobuf-java-util/3.19.3/protobuf-java-util-3.19.3.jar:/Users/beidaortiz/.m2/repository/com/google/guava/guava/30.1.1-jre/guava-30.1.1-jre.jar:/Users/beidaortiz/.m2/repository/com/google/guava/failureaccess/1.0.1/failureaccess-1.0.1.jar:/Users/beidaortiz/.m2/repository/com/google/guava/listenablefuture/9999.0-empty-to-avoid-conflict-with-guava/listenablefuture-9999.0-empty-to-avoid-conflict-with-guava.jar:/Users/beidaortiz/.m2/repository/org/checkerframework/checker-qual/3.21.1/checker-qual-3.21.1.jar:/Users/beidaortiz/.m2/repository/com/google/errorprone/error_prone_annotations/2.10.0/error_prone_annotations-2.10.0.jar:/Users/beidaortiz/.m2/repository/com/google/j2objc/j2objc-annotations/1.3/j2objc-annotations-1.3.jar:/Users/beidaortiz/.m2/repository/com/google/code/findbugs/jsr305/3.0.2/jsr305-3.0.2.jar:/Users/beidaortiz/.m2/repository/com/google/code/gson/gson/2.8.6/gson-2.8.6.jar:/Users/beidaortiz/.m2/repository/org/infinispan/protostream/protostream/4.4.1.Final/protostream-4.4.1.Final.jar:/Users/beidaortiz/.m2/repository/io/smallrye/reactive/smallrye-mutiny-vertx-web-client/2.18.1/smallrye-mutiny-vertx-web-client-2.18.1.jar:/Users/beidaortiz/.m2/repository/io/vertx/vertx-web-client/4.2.4/vertx-web-client-4.2.4.jar:/Users/beidaortiz/.m2/repository/org/eclipse/microprofile/openapi/microprofile-openapi-api/2.0.1/microprofile-openapi-api-2.0.1.jar:/Users/beidaortiz/.m2/repository/io/quarkus/quarkus-smallrye-openapi/2.7.1.Final/quarkus-smallrye-openapi-2.7.1.Final.jar:/Users/beidaortiz/.m2/repository/io/smallrye/smallrye-open-api-core/2.1.17/smallrye-open-api-core-2.1.17.jar:/Users/beidaortiz/.m2/repository/org/eclipse/microprofile/config/microprofile-config-api/2.0/microprofile-config-api-2.0.jar:/Users/beidaortiz/.m2/repository/com/fasterxml/jackson/dataformat/jackson-dataformat-yaml/2.13.1/jackson-dataformat-yaml-2.13.1.jar:/Users/beidaortiz/.m2/repository/org/yaml/snakeyaml/1.30/snakeyaml-1.30.jar:/Users/beidaortiz/.m2/repository/org/jboss/jandex/2.4.2.Final/jandex-2.4.2.Final.jar:/Users/beidaortiz/.m2/repository/io/quarkus/quarkus-core/2.7.1.Final/quarkus-core-2.7.1.Final.jar:/Users/beidaortiz/.m2/repository/jakarta/enterprise/jakarta.enterprise.cdi-api/2.0.2/jakarta.enterprise.cdi-api-2.0.2.jar:/Users/beidaortiz/.m2/repository/jakarta/el/jakarta.el-api/3.0.3/jakarta.el-api-3.0.3.jar:/Users/beidaortiz/.m2/repository/jakarta/interceptor/jakarta.interceptor-api/1.2.5/jakarta.interceptor-api-1.2.5.jar:/Users/beidaortiz/.m2/repository/jakarta/inject/jakarta.inject-api/1.0/jakarta.inject-api-1.0.jar:/Users/beidaortiz/.m2/repository/io/quarkus/quarkus-ide-launcher/2.7.1.Final/quarkus-ide-launcher-2.7.1.Final.jar:/Users/beidaortiz/.m2/repository/io/quarkus/quarkus-development-mode-spi/2.7.1.Final/quarkus-development-mode-spi-2.7.1.Final.jar:/Users/beidaortiz/.m2/repository/io/smallrye/config/smallrye-config/2.8.2/smallrye-config-2.8.2.jar:/Users/beidaortiz/.m2/repository/io/smallrye/config/smallrye-config-core/2.8.2/smallrye-config-core-2.8.2.jar:/Users/beidaortiz/.m2/repository/io/smallrye/common/smallrye-common-expression/1.8.0/smallrye-common-expression-1.8.0.jar:/Users/beidaortiz/.m2/repository/io/smallrye/common/smallrye-common-function/1.8.0/smallrye-common-function-1.8.0.jar:/Users/beidaortiz/.m2/repository/io/smallrye/common/smallrye-common-constraint/1.8.0/smallrye-common-constraint-1.8.0.jar:/Users/beidaortiz/.m2/repository/io/smallrye/common/smallrye-common-classloader/1.8.0/smallrye-common-classloader-1.8.0.jar:/Users/beidaortiz/.m2/repository/io/smallrye/config/smallrye-config-common/2.8.2/smallrye-config-common-2.8.2.jar:/Users/beidaortiz/.m2/repository/org/jboss/logmanager/jboss-logmanager-embedded/1.0.9/jboss-logmanager-embedded-1.0.9.jar:/Users/beidaortiz/.m2/repository/org/jboss/logging/jboss-logging-annotations/2.2.1.Final/jboss-logging-annotations-2.2.1.Final.jar:/Users/beidaortiz/.m2/repository/org/jboss/threads/jboss-threads/3.4.2.Final/jboss-threads-3.4.2.Final.jar:/Users/beidaortiz/.m2/repository/org/slf4j/slf4j-api/1.7.30/slf4j-api-1.7.30.jar:/Users/beidaortiz/.m2/repository/org/jboss/slf4j/slf4j-jboss-logmanager/1.1.0.Final/slf4j-jboss-logmanager-1.1.0.Final.jar:/Users/beidaortiz/.m2/repository/org/graalvm/sdk/graal-sdk/21.3.1/graal-sdk-21.3.1.jar:/Users/beidaortiz/.m2/repository/org/wildfly/common/wildfly-common/1.5.4.Final-format-001/wildfly-common-1.5.4.Final-format-001.jar:/Users/beidaortiz/.m2/repository/io/quarkus/quarkus-bootstrap-runner/2.7.1.Final/quarkus-bootstrap-runner-2.7.1.Final.jar:/Users/beidaortiz/.m2/repository/io/quarkus/quarkus-fs-util/0.0.8/quarkus-fs-util-0.0.8.jar:/Users/beidaortiz/.m2/repository/io/quarkus/quarkus-arc/2.7.1.Final/quarkus-arc-2.7.1.Final.jar:/Users/beidaortiz/.m2/repository/io/quarkus/arc/arc/2.7.1.Final/arc-2.7.1.Final.jar:/Users/beidaortiz/.m2/repository/jakarta/transaction/jakarta.transaction-api/1.3.3/jakarta.transaction-api-1.3.3.jar:/Users/beidaortiz/.m2/repository/org/eclipse/microprofile/context-propagation/microprofile-context-propagation-api/1.2/microprofile-context-propagation-api-1.2.jar:/Users/beidaortiz/.m2/repository/io/quarkus/quarkus-swagger-ui/2.7.1.Final/quarkus-swagger-ui-2.7.1.Final.jar:/Users/beidaortiz/.m2/repository/io/quarkus/quarkus-junit5/2.7.1.Final/quarkus-junit5-2.7.1.Final.jar:/Users/beidaortiz/.m2/repository/io/quarkus/quarkus-bootstrap-core/2.7.1.Final/quarkus-bootstrap-core-2.7.1.Final.jar:/Users/beidaortiz/.m2/repository/io/quarkus/quarkus-bootstrap-app-model/2.7.1.Final/quarkus-bootstrap-app-model-2.7.1.Final.jar:/Users/beidaortiz/.m2/repository/io/quarkus/quarkus-bootstrap-maven-resolver/2.7.1.Final/quarkus-bootstrap-maven-resolver-2.7.1.Final.jar:/Users/beidaortiz/.m2/repository/org/apache/maven/maven-embedder/3.8.4/maven-embedder-3.8.4.jar:/Users/beidaortiz/.m2/repository/org/apache/maven/maven-settings/3.8.4/maven-settings-3.8.4.jar:/Users/beidaortiz/.m2/repository/org/apache/maven/maven-core/3.8.1/maven-core-3.8.1.jar:/Users/beidaortiz/.m2/repository/org/apache/maven/maven-artifact/3.8.1/maven-artifact-3.8.1.jar:/Users/beidaortiz/.m2/repository/org/codehaus/plexus/plexus-component-annotations/1.6/plexus-component-annotations-1.6.jar:/Users/beidaortiz/.m2/repository/org/apache/maven/maven-plugin-api/3.8.1/maven-plugin-api-3.8.1.jar:/Users/beidaortiz/.m2/repository/org/apache/maven/maven-model/3.8.4/maven-model-3.8.4.jar:/Users/beidaortiz/.m2/repository/org/apache/maven/maven-model-builder/3.8.4/maven-model-builder-3.8.4.jar:/Users/beidaortiz/.m2/repository/org/apache/maven/maven-builder-support/3.8.4/maven-builder-support-3.8.4.jar:/Users/beidaortiz/.m2/repository/org/apache/maven/resolver/maven-resolver-api/1.6.3/maven-resolver-api-1.6.3.jar:/Users/beidaortiz/.m2/repository/org/apache/maven/resolver/maven-resolver-util/1.6.3/maven-resolver-util-1.6.3.jar:/Users/beidaortiz/.m2/repository/org/apache/maven/shared/maven-shared-utils/3.3.4/maven-shared-utils-3.3.4.jar:/Users/beidaortiz/.m2/repository/commons-io/commons-io/2.11.0/commons-io-2.11.0.jar:/Users/beidaortiz/.m2/repository/com/google/inject/guice/4.2.2/guice-4.2.2-no_aop.jar:/Users/beidaortiz/.m2/repository/org/codehaus/plexus/plexus-classworlds/2.6.0/plexus-classworlds-2.6.0.jar:/Users/beidaortiz/.m2/repository/org/codehaus/plexus/plexus-sec-dispatcher/2.0/plexus-sec-dispatcher-2.0.jar:/Users/beidaortiz/.m2/repository/org/codehaus/plexus/plexus-cipher/2.0/plexus-cipher-2.0.jar:/Users/beidaortiz/.m2/repository/commons-cli/commons-cli/1.4/commons-cli-1.4.jar:/Users/beidaortiz/.m2/repository/org/eclipse/sisu/org.eclipse.sisu.plexus/0.3.5/org.eclipse.sisu.plexus-0.3.5.jar:/Users/beidaortiz/.m2/repository/org/apache/maven/maven-settings-builder/3.8.4/maven-settings-builder-3.8.4.jar:/Users/beidaortiz/.m2/repository/org/codehaus/plexus/plexus-interpolation/1.26/plexus-interpolation-1.26.jar:/Users/beidaortiz/.m2/repository/org/apache/maven/maven-resolver-provider/3.8.4/maven-resolver-provider-3.8.4.jar:/Users/beidaortiz/.m2/repository/org/apache/maven/maven-repository-metadata/3.8.4/maven-repository-metadata-3.8.4.jar:/Users/beidaortiz/.m2/repository/org/apache/maven/resolver/maven-resolver-spi/1.6.3/maven-resolver-spi-1.6.3.jar:/Users/beidaortiz/.m2/repository/org/apache/maven/resolver/maven-resolver-impl/1.6.3/maven-resolver-impl-1.6.3.jar:/Users/beidaortiz/.m2/repository/org/codehaus/plexus/plexus-utils/3.3.0/plexus-utils-3.3.0.jar:/Users/beidaortiz/.m2/repository/org/apache/maven/resolver/maven-resolver-connector-basic/1.6.3/maven-resolver-connector-basic-1.6.3.jar:/Users/beidaortiz/.m2/repository/org/apache/maven/resolver/maven-resolver-transport-wagon/1.6.3/maven-resolver-transport-wagon-1.6.3.jar:/Users/beidaortiz/.m2/repository/org/apache/maven/wagon/wagon-http/3.4.3/wagon-http-3.4.3.jar:/Users/beidaortiz/.m2/repository/org/apache/maven/wagon/wagon-http-shared/3.4.3/wagon-http-shared-3.4.3.jar:/Users/beidaortiz/.m2/repository/org/jsoup/jsoup/1.14.2/jsoup-1.14.2.jar:/Users/beidaortiz/.m2/repository/org/apache/maven/wagon/wagon-provider-api/3.4.3/wagon-provider-api-3.4.3.jar:/Users/beidaortiz/.m2/repository/org/apache/maven/wagon/wagon-file/3.4.3/wagon-file-3.4.3.jar:/Users/beidaortiz/.m2/repository/io/quarkus/quarkus-bootstrap-gradle-resolver/2.7.1.Final/quarkus-bootstrap-gradle-resolver-2.7.1.Final.jar:/Users/beidaortiz/.m2/repository/io/smallrye/common/smallrye-common-io/1.8.0/smallrye-common-io-1.8.0.jar:/Users/beidaortiz/.m2/repository/org/eclipse/sisu/org.eclipse.sisu.inject/0.3.5/org.eclipse.sisu.inject-0.3.5.jar:/Users/beidaortiz/.m2/repository/io/quarkus/quarkus-test-common/2.7.1.Final/quarkus-test-common-2.7.1.Final.jar:/Users/beidaortiz/.m2/repository/io/quarkus/quarkus-core-deployment/2.7.1.Final/quarkus-core-deployment-2.7.1.Final.jar:/Users/beidaortiz/.m2/repository/org/aesh/readline/2.2/readline-2.2.jar:/Users/beidaortiz/.m2/repository/org/fusesource/jansi/jansi/1.18/jansi-1.18.jar:/Users/beidaortiz/.m2/repository/org/aesh/aesh/2.6/aesh-2.6.jar:/Users/beidaortiz/.m2/repository/org/ow2/asm/asm/9.2/asm-9.2.jar:/Users/beidaortiz/.m2/repository/org/ow2/asm/asm-commons/9.2/asm-commons-9.2.jar:/Users/beidaortiz/.m2/repository/org/ow2/asm/asm-tree/9.2/asm-tree-9.2.jar:/Users/beidaortiz/.m2/repository/org/ow2/asm/asm-analysis/9.2/asm-analysis-9.2.jar:/Users/beidaortiz/.m2/repository/io/quarkus/quarkus-class-change-agent/2.7.1.Final/quarkus-class-change-agent-2.7.1.Final.jar:/Users/beidaortiz/.m2/repository/io/quarkus/quarkus-devtools-utilities/2.7.1.Final/quarkus-devtools-utilities-2.7.1.Final.jar:/Users/beidaortiz/.m2/repository/io/quarkus/quarkus-builder/2.7.1.Final/quarkus-builder-2.7.1.Final.jar:/Users/beidaortiz/.m2/repository/org/junit/platform/junit-platform-launcher/1.8.2/junit-platform-launcher-1.8.2.jar:/Users/beidaortiz/.m2/repository/io/quarkus/quarkus-jsonp-deployment/2.7.1.Final/quarkus-jsonp-deployment-2.7.1.Final.jar:/Users/beidaortiz/.m2/repository/org/jboss/logging/commons-logging-jboss-logging/1.0.0.Final/commons-logging-jboss-logging-1.0.0.Final.jar:/Users/beidaortiz/.m2/repository/io/quarkus/quarkus-junit5-properties/2.7.1.Final/quarkus-junit5-properties-2.7.1.Final.jar:/Users/beidaortiz/.m2/repository/org/junit/jupiter/junit-jupiter/5.8.2/junit-jupiter-5.8.2.jar:/Users/beidaortiz/.m2/repository/org/junit/jupiter/junit-jupiter-api/5.8.2/junit-jupiter-api-5.8.2.jar:/Users/beidaortiz/.m2/repository/org/opentest4j/opentest4j/1.2.0/opentest4j-1.2.0.jar:/Users/beidaortiz/.m2/repository/org/junit/platform/junit-platform-commons/1.8.2/junit-platform-commons-1.8.2.jar:/Users/beidaortiz/.m2/repository/org/apiguardian/apiguardian-api/1.1.2/apiguardian-api-1.1.2.jar:/Users/beidaortiz/.m2/repository/org/junit/jupiter/junit-jupiter-params/5.8.2/junit-jupiter-params-5.8.2.jar:/Users/beidaortiz/.m2/repository/org/junit/jupiter/junit-jupiter-engine/5.8.2/junit-jupiter-engine-5.8.2.jar:/Users/beidaortiz/.m2/repository/org/junit/platform/junit-platform-engine/1.8.2/junit-platform-engine-1.8.2.jar:/Users/beidaortiz/.m2/repository/com/thoughtworks/xstream/xstream/1.4.17/xstream-1.4.17.jar:/Users/beidaortiz/.m2/repository/io/github/x-stream/mxparser/1.2.1/mxparser-1.2.1.jar:/Users/beidaortiz/.m2/repository/xmlpull/xmlpull/1.1.3.1/xmlpull-1.1.3.1.jar:/Users/beidaortiz/.m2/repository/io/rest-assured/rest-assured/4.4.0/rest-assured-4.4.0.jar:/Users/beidaortiz/.m2/repository/org/codehaus/groovy/groovy/3.0.8/groovy-3.0.8.jar:/Users/beidaortiz/.m2/repository/org/codehaus/groovy/groovy-xml/3.0.8/groovy-xml-3.0.8.jar:/Users/beidaortiz/.m2/repository/org/apache/httpcomponents/httpclient/4.5.13/httpclient-4.5.13.jar:/Users/beidaortiz/.m2/repository/org/apache/httpcomponents/httpcore/4.4.15/httpcore-4.4.15.jar:/Users/beidaortiz/.m2/repository/commons-codec/commons-codec/1.15/commons-codec-1.15.jar:/Users/beidaortiz/.m2/repository/org/apache/httpcomponents/httpmime/4.5.13/httpmime-4.5.13.jar:/Users/beidaortiz/.m2/repository/org/hamcrest/hamcrest/2.1/hamcrest-2.1.jar:/Users/beidaortiz/.m2/repository/org/ccil/cowan/tagsoup/tagsoup/1.2.1/tagsoup-1.2.1.jar:/Users/beidaortiz/.m2/repository/io/rest-assured/json-path/4.4.0/json-path-4.4.0.jar:/Users/beidaortiz/.m2/repository/org/codehaus/groovy/groovy-json/3.0.8/groovy-json-3.0.8.jar:/Users/beidaortiz/.m2/repository/io/rest-assured/rest-assured-common/4.4.0/rest-assured-common-4.4.0.jar:/Users/beidaortiz/.m2/repository/io/rest-assured/xml-path/4.4.0/xml-path-4.4.0.jar:/Users/beidaortiz/.m2/repository/org/apache/commons/commons-lang3/3.12.0/commons-lang3-3.12.0.jar:/Users/beidaortiz/.m2/repository/jakarta/xml/bind/jakarta.xml.bind-api/2.3.3/jakarta.xml.bind-api-2.3.3.jar:/Users/beidaortiz/.m2/repository/com/sun/xml/bind/jaxb-impl/2.3.5/jaxb-impl-2.3.5.jar:/Users/beidaortiz/.m2/repository/io/quarkus/quarkus-smallrye-health/2.7.1.Final/quarkus-smallrye-health-2.7.1.Final.jar:/Users/beidaortiz/.m2/repository/io/smallrye/smallrye-health/3.1.2/smallrye-health-3.1.2.jar:/Users/beidaortiz/.m2/repository/org/eclipse/microprofile/health/microprofile-health-api/3.1/microprofile-health-api-3.1.jar:/Users/beidaortiz/.m2/repository/io/smallrye/smallrye-health-api/3.1.2/smallrye-health-api-3.1.2.jar:/Users/beidaortiz/.m2/repository/io/smallrye/smallrye-health-provided-checks/3.1.2/smallrye-health-provided-checks-3.1.2.jar:/Users/beidaortiz/.m2/repository/io/quarkus/quarkus-jsonp/2.7.1.Final/quarkus-jsonp-2.7.1.Final.jar:/Users/beidaortiz/.m2/repository/org/glassfish/jakarta.json/1.1.6/jakarta.json-1.1.6.jar:"/>
    <property name="org.uberfire.nio.git.daemon.enabled" value="false"/>
    <property name="java.vm.vendor" value="Oracle Corporation"/>
    <property name="sun.arch.data.model" value="64"/>
    <property name="java.vendor.url" value="http://java.oracle.com/"/>
    <property name="user.timezone" value="America/Chicago"/>
    <property name="os.name" value="Mac OS X"/>
    <property name="java.vm.specification.version" value="11"/>
    <property name="sun.java.launcher" value="SUN_STANDARD"/>
    <property name="user.country" value="US"/>
    <property name="mp.openapi.extensions.smallrye.defaultProduces" value="application/json"/>
    <property name="quarkus.http.test-port" value="64496"/>
    <property name="sun.boot.library.path" value="/Library/Java/JavaVirtualMachines/jdk-11.0.1.jdk/Contents/Home/lib"/>
    <property name="sun.java.command" value="/Users/beidaortiz/Downloads/kogito-examples-stable/kogito-quarkus-examples/process-business-rules-quarkus/target/surefire/surefirebooter9098343267578839715.jar /Users/beidaortiz/Downloads/kogito-examples-stable/kogito-quarkus-examples/process-business-rules-quarkus/target/surefire 2022-03-24T13-54-31_058-jvmRun1 surefire6271607682036547844tmp surefire_010923953464122894335tmp"/>
    <property name="http.nonProxyHosts" value="local|*.local|169.254/16|*.169.254/16"/>
    <property name="jdk.debug" value="release"/>
    <property name="surefire.test.class.path" value="/Users/beidaortiz/Downloads/kogito-examples-stable/kogito-quarkus-examples/process-business-rules-quarkus/target/test-classes:/Users/beidaortiz/Downloads/kogito-examples-stable/kogito-quarkus-examples/process-business-rules-quarkus/target/classes:/Users/beidaortiz/.m2/repository/io/quarkus/quarkus-resteasy/2.7.1.Final/quarkus-resteasy-2.7.1.Final.jar:/Users/beidaortiz/.m2/repository/io/quarkus/quarkus-vertx-http/2.7.1.Final/quarkus-vertx-http-2.7.1.Final.jar:/Users/beidaortiz/.m2/repository/io/quarkus/quarkus-security-runtime-spi/2.7.1.Final/quarkus-security-runtime-spi-2.7.1.Final.jar:/Users/beidaortiz/.m2/repository/io/quarkus/quarkus-mutiny/2.7.1.Final/quarkus-mutiny-2.7.1.Final.jar:/Users/beidaortiz/.m2/repository/io/smallrye/reactive/mutiny/1.3.1/mutiny-1.3.1.jar:/Users/beidaortiz/.m2/repository/org/reactivestreams/reactive-streams/1.0.3/reactive-streams-1.0.3.jar:/Users/beidaortiz/.m2/repository/io/quarkus/quarkus-smallrye-context-propagation/2.7.1.Final/quarkus-smallrye-context-propagation-2.7.1.Final.jar:/Users/beidaortiz/.m2/repository/io/smallrye/smallrye-context-propagation/1.2.2/smallrye-context-propagation-1.2.2.jar:/Users/beidaortiz/.m2/repository/io/smallrye/smallrye-context-propagation-api/1.2.2/smallrye-context-propagation-api-1.2.2.jar:/Users/beidaortiz/.m2/repository/io/smallrye/smallrye-context-propagation-storage/1.2.2/smallrye-context-propagation-storage-1.2.2.jar:/Users/beidaortiz/.m2/repository/io/smallrye/reactive/mutiny-smallrye-context-propagation/1.3.1/mutiny-smallrye-context-propagation-1.3.1.jar:/Users/beidaortiz/.m2/repository/io/quarkus/quarkus-vertx-http-dev-console-runtime-spi/2.7.1.Final/quarkus-vertx-http-dev-console-runtime-spi-2.7.1.Final.jar:/Users/beidaortiz/.m2/repository/io/quarkus/security/quarkus-security/1.1.4.Final/quarkus-security-1.1.4.Final.jar:/Users/beidaortiz/.m2/repository/io/quarkus/quarkus-vertx/2.7.1.Final/quarkus-vertx-2.7.1.Final.jar:/Users/beidaortiz/.m2/repository/io/quarkus/quarkus-netty/2.7.1.Final/quarkus-netty-2.7.1.Final.jar:/Users/beidaortiz/.m2/repository/io/netty/netty-codec/4.1.73.Final/netty-codec-4.1.73.Final.jar:/Users/beidaortiz/.m2/repository/io/netty/netty-codec-http/4.1.73.Final/netty-codec-http-4.1.73.Final.jar:/Users/beidaortiz/.m2/repository/io/netty/netty-codec-http2/4.1.73.Final/netty-codec-http2-4.1.73.Final.jar:/Users/beidaortiz/.m2/repository/io/netty/netty-handler/4.1.73.Final/netty-handler-4.1.73.Final.jar:/Users/beidaortiz/.m2/repository/io/netty/netty-tcnative-classes/2.0.46.Final/netty-tcnative-classes-2.0.46.Final.jar:/Users/beidaortiz/.m2/repository/io/netty/netty-codec-haproxy/4.1.73.Final/netty-codec-haproxy-4.1.73.Final.jar:/Users/beidaortiz/.m2/repository/io/netty/netty-buffer/4.1.73.Final/netty-buffer-4.1.73.Final.jar:/Users/beidaortiz/.m2/repository/io/netty/netty-transport/4.1.73.Final/netty-transport-4.1.73.Final.jar:/Users/beidaortiz/.m2/repository/io/smallrye/common/smallrye-common-annotation/1.8.0/smallrye-common-annotation-1.8.0.jar:/Users/beidaortiz/.m2/repository/io/smallrye/reactive/smallrye-mutiny-vertx-core/2.18.1/smallrye-mutiny-vertx-core-2.18.1.jar:/Users/beidaortiz/.m2/repository/io/smallrye/reactive/smallrye-mutiny-vertx-runtime/2.18.1/smallrye-mutiny-vertx-runtime-2.18.1.jar:/Users/beidaortiz/.m2/repository/io/smallrye/reactive/vertx-mutiny-generator/2.18.1/vertx-mutiny-generator-2.18.1.jar:/Users/beidaortiz/.m2/repository/io/vertx/vertx-codegen/4.2.4/vertx-codegen-4.2.4.jar:/Users/beidaortiz/.m2/repository/io/smallrye/smallrye-fault-tolerance-vertx/5.2.1/smallrye-fault-tolerance-vertx-5.2.1.jar:/Users/beidaortiz/.m2/repository/io/smallrye/reactive/smallrye-mutiny-vertx-web/2.18.1/smallrye-mutiny-vertx-web-2.18.1.jar:/Users/beidaortiz/.m2/repository/io/smallrye/reactive/smallrye-mutiny-vertx-web-common/2.18.1/smallrye-mutiny-vertx-web-common-2.18.1.jar:/Users/beidaortiz/.m2/repository/io/smallrye/reactive/smallrye-mutiny-vertx-auth-common/2.18.1/smallrye-mutiny-vertx-auth-common-2.18.1.jar:/Users/beidaortiz/.m2/repository/io/smallrye/reactive/smallrye-mutiny-vertx-bridge-common/2.18.1/smallrye-mutiny-vertx-bridge-common-2.18.1.jar:/Users/beidaortiz/.m2/repository/io/vertx/vertx-web/4.2.4/vertx-web-4.2.4.jar:/Users/beidaortiz/.m2/repository/io/vertx/vertx-web-common/4.2.4/vertx-web-common-4.2.4.jar:/Users/beidaortiz/.m2/repository/io/vertx/vertx-auth-common/4.2.4/vertx-auth-common-4.2.4.jar:/Users/beidaortiz/.m2/repository/io/vertx/vertx-bridge-common/4.2.4/vertx-bridge-common-4.2.4.jar:/Users/beidaortiz/.m2/repository/io/vertx/vertx-core/4.2.4/vertx-core-4.2.4.jar:/Users/beidaortiz/.m2/repository/io/netty/netty-common/4.1.73.Final/netty-common-4.1.73.Final.jar:/Users/beidaortiz/.m2/repository/io/netty/netty-handler-proxy/4.1.73.Final/netty-handler-proxy-4.1.73.Final.jar:/Users/beidaortiz/.m2/repository/io/netty/netty-codec-socks/4.1.73.Final/netty-codec-socks-4.1.73.Final.jar:/Users/beidaortiz/.m2/repository/io/netty/netty-resolver/4.1.73.Final/netty-resolver-4.1.73.Final.jar:/Users/beidaortiz/.m2/repository/io/netty/netty-resolver-dns/4.1.73.Final/netty-resolver-dns-4.1.73.Final.jar:/Users/beidaortiz/.m2/repository/io/netty/netty-codec-dns/4.1.73.Final/netty-codec-dns-4.1.73.Final.jar:/Users/beidaortiz/.m2/repository/io/quarkus/quarkus-resteasy-server-common/2.7.1.Final/quarkus-resteasy-server-common-2.7.1.Final.jar:/Users/beidaortiz/.m2/repository/io/quarkus/quarkus-resteasy-common/2.7.1.Final/quarkus-resteasy-common-2.7.1.Final.jar:/Users/beidaortiz/.m2/repository/org/jboss/resteasy/resteasy-core/4.7.5.Final/resteasy-core-4.7.5.Final.jar:/Users/beidaortiz/.m2/repository/org/jboss/spec/javax/ws/rs/jboss-jaxrs-api_2.1_spec/2.0.1.Final/jboss-jaxrs-api_2.1_spec-2.0.1.Final.jar:/Users/beidaortiz/.m2/repository/org/jboss/resteasy/resteasy-core-spi/4.7.5.Final/resteasy-core-spi-4.7.5.Final.jar:/Users/beidaortiz/.m2/repository/com/ibm/async/asyncutil/0.1.0/asyncutil-0.1.0.jar:/Users/beidaortiz/.m2/repository/com/sun/activation/jakarta.activation/1.2.1/jakarta.activation-1.2.1.jar:/Users/beidaortiz/.m2/repository/jakarta/validation/jakarta.validation-api/2.0.2/jakarta.validation-api-2.0.2.jar:/Users/beidaortiz/.m2/repository/io/quarkus/quarkus-resteasy-jackson/2.7.1.Final/quarkus-resteasy-jackson-2.7.1.Final.jar:/Users/beidaortiz/.m2/repository/io/quarkus/quarkus-jackson/2.7.1.Final/quarkus-jackson-2.7.1.Final.jar:/Users/beidaortiz/.m2/repository/com/fasterxml/jackson/core/jackson-databind/2.13.1/jackson-databind-2.13.1.jar:/Users/beidaortiz/.m2/repository/com/fasterxml/jackson/datatype/jackson-datatype-jsr310/2.13.1/jackson-datatype-jsr310-2.13.1.jar:/Users/beidaortiz/.m2/repository/com/fasterxml/jackson/datatype/jackson-datatype-jdk8/2.13.1/jackson-datatype-jdk8-2.13.1.jar:/Users/beidaortiz/.m2/repository/com/fasterxml/jackson/module/jackson-module-parameter-names/2.13.1/jackson-module-parameter-names-2.13.1.jar:/Users/beidaortiz/.m2/repository/org/jboss/resteasy/resteasy-jackson2-provider/4.7.5.Final/resteasy-jackson2-provider-4.7.5.Final.jar:/Users/beidaortiz/.m2/repository/com/fasterxml/jackson/core/jackson-core/2.13.1/jackson-core-2.13.1.jar:/Users/beidaortiz/.m2/repository/com/fasterxml/jackson/core/jackson-annotations/2.13.1/jackson-annotations-2.13.1.jar:/Users/beidaortiz/.m2/repository/com/fasterxml/jackson/jaxrs/jackson-jaxrs-json-provider/2.13.1/jackson-jaxrs-json-provider-2.13.1.jar:/Users/beidaortiz/.m2/repository/com/fasterxml/jackson/jaxrs/jackson-jaxrs-base/2.13.1/jackson-jaxrs-base-2.13.1.jar:/Users/beidaortiz/.m2/repository/com/fasterxml/jackson/module/jackson-module-jaxb-annotations/2.13.1/jackson-module-jaxb-annotations-2.13.1.jar:/Users/beidaortiz/.m2/repository/com/github/java-json-tools/json-patch/1.13/json-patch-1.13.jar:/Users/beidaortiz/.m2/repository/com/github/java-json-tools/msg-simple/1.2/msg-simple-1.2.jar:/Users/beidaortiz/.m2/repository/com/github/java-json-tools/btf/1.3/btf-1.3.jar:/Users/beidaortiz/.m2/repository/com/github/java-json-tools/jackson-coreutils/2.0/jackson-coreutils-2.0.jar:/Users/beidaortiz/.m2/repository/org/jboss/logging/jboss-logging/3.4.3.Final/jboss-logging-3.4.3.Final.jar:/Users/beidaortiz/.m2/repository/org/jboss/spec/javax/xml/bind/jboss-jaxb-api_2.3_spec/2.0.0.Final/jboss-jaxb-api_2.3_spec-2.0.0.Final.jar:/Users/beidaortiz/.m2/repository/org/kie/kogito/kogito-quarkus/1.18.0.Final/kogito-quarkus-1.18.0.Final.jar:/Users/beidaortiz/.m2/repository/org/kie/kogito/kogito-quarkus-common/1.18.0.Final/kogito-quarkus-common-1.18.0.Final.jar:/Users/beidaortiz/.m2/repository/org/kie/kogito/kogito-api-incubation-application/1.18.0.Final/kogito-api-incubation-application-1.18.0.Final.jar:/Users/beidaortiz/.m2/repository/org/kie/kogito/kogito-api-incubation-common/1.18.0.Final/kogito-api-incubation-common-1.18.0.Final.jar:/Users/beidaortiz/.m2/repository/org/kie/kogito/kogito-api-incubation-common-objectmapper/1.18.0.Final/kogito-api-incubation-common-objectmapper-1.18.0.Final.jar:/Users/beidaortiz/.m2/repository/org/mvel/mvel2/2.4.12.Final/mvel2-2.4.12.Final.jar:/Users/beidaortiz/.m2/repository/com/jayway/jsonpath/json-path/2.6.0/json-path-2.6.0.jar:/Users/beidaortiz/.m2/repository/net/minidev/json-smart/2.4.7/json-smart-2.4.7.jar:/Users/beidaortiz/.m2/repository/net/minidev/accessors-smart/2.4.7/accessors-smart-2.4.7.jar:/Users/beidaortiz/.m2/repository/io/quarkus/arc/arc-processor/2.7.1.Final/arc-processor-2.7.1.Final.jar:/Users/beidaortiz/.m2/repository/io/quarkus/gizmo/gizmo/1.0.10.Final/gizmo-1.0.10.Final.jar:/Users/beidaortiz/.m2/repository/org/ow2/asm/asm-util/9.2/asm-util-9.2.jar:/Users/beidaortiz/.m2/repository/org/kie/kogito/kogito-api/1.18.0.Final/kogito-api-1.18.0.Final.jar:/Users/beidaortiz/.m2/repository/org/kie/kie-api/8.18.0.Beta/kie-api-8.18.0.Beta.jar:/Users/beidaortiz/.m2/repository/org/drools/drools-ruleunits-api/8.18.0.Beta/drools-ruleunits-api-8.18.0.Beta.jar:/Users/beidaortiz/.m2/repository/org/kie/kie-internal/8.18.0.Beta/kie-internal-8.18.0.Beta.jar:/Users/beidaortiz/.m2/repository/org/kie/kie-dmn-api/8.18.0.Beta/kie-dmn-api-8.18.0.Beta.jar:/Users/beidaortiz/.m2/repository/org/kie/kie-dmn-model/8.18.0.Beta/kie-dmn-model-8.18.0.Beta.jar:/Users/beidaortiz/.m2/repository/org/kie/kogito/kogito-timer/1.18.0.Final/kogito-timer-1.18.0.Final.jar:/Users/beidaortiz/.m2/repository/org/kie/kie-pmml-evaluator-api/8.18.0.Beta/kie-pmml-evaluator-api-8.18.0.Beta.jar:/Users/beidaortiz/.m2/repository/org/kie/kie-pmml-api/8.18.0.Beta/kie-pmml-api-8.18.0.Beta.jar:/Users/beidaortiz/.m2/repository/org/apache/commons/commons-math3/3.4.1/commons-math3-3.4.1.jar:/Users/beidaortiz/.m2/repository/org/kie/kie-pmml-commons/8.18.0.Beta/kie-pmml-commons-8.18.0.Beta.jar:/Users/beidaortiz/.m2/repository/org/apache/commons/commons-text/1.9/commons-text-1.9.jar:/Users/beidaortiz/.m2/repository/jakarta/annotation/jakarta.annotation-api/1.3.5/jakarta.annotation-api-1.3.5.jar:/Users/beidaortiz/.m2/repository/org/kie/kogito/kogito-quarkus-rules/1.18.0.Final/kogito-quarkus-rules-1.18.0.Final.jar:/Users/beidaortiz/.m2/repository/org/kie/kogito/kogito-api-incubation-rules-services/1.18.0.Final/kogito-api-incubation-rules-services-1.18.0.Final.jar:/Users/beidaortiz/.m2/repository/org/kie/kogito/kogito-api-incubation-rules/1.18.0.Final/kogito-api-incubation-rules-1.18.0.Final.jar:/Users/beidaortiz/.m2/repository/org/kie/kogito/kogito-drools/1.18.0.Final/kogito-drools-1.18.0.Final.jar:/Users/beidaortiz/.m2/repository/org/drools/drools-compiler/8.18.0.Beta/drools-compiler-8.18.0.Beta.jar:/Users/beidaortiz/.m2/repository/org/drools/drools-drl-parser/8.18.0.Beta/drools-drl-parser-8.18.0.Beta.jar:/Users/beidaortiz/.m2/repository/org/drools/drools-drl-extensions/8.18.0.Beta/drools-drl-extensions-8.18.0.Beta.jar:/Users/beidaortiz/.m2/repository/org/drools/drools-wiring-api/8.18.0.Beta/drools-wiring-api-8.18.0.Beta.jar:/Users/beidaortiz/.m2/repository/org/drools/drools-core/8.18.0.Beta/drools-core-8.18.0.Beta.jar:/Users/beidaortiz/.m2/repository/org/drools/drools-wiring-static/8.18.0.Beta/drools-wiring-static-8.18.0.Beta.jar:/Users/beidaortiz/.m2/repository/org/drools/drools-drl-ast/8.18.0.Beta/drools-drl-ast-8.18.0.Beta.jar:/Users/beidaortiz/.m2/repository/org/drools/drools-kiesession/8.18.0.Beta/drools-kiesession-8.18.0.Beta.jar:/Users/beidaortiz/.m2/repository/org/kie/kie-memory-compiler/8.18.0.Beta/kie-memory-compiler-8.18.0.Beta.jar:/Users/beidaortiz/.m2/repository/org/drools/drools-ecj/8.18.0.Beta/drools-ecj-8.18.0.Beta.jar:/Users/beidaortiz/.m2/repository/org/kie/kie-util-xml/8.18.0.Beta/kie-util-xml-8.18.0.Beta.jar:/Users/beidaortiz/.m2/repository/org/kie/kie-util-maven-support/8.18.0.Beta/kie-util-maven-support-8.18.0.Beta.jar:/Users/beidaortiz/.m2/repository/org/antlr/antlr-runtime/3.5.2/antlr-runtime-3.5.2.jar:/Users/beidaortiz/.m2/repository/org/drools/drools-ruleunits-impl/8.18.0.Beta/drools-ruleunits-impl-8.18.0.Beta.jar:/Users/beidaortiz/.m2/repository/org/drools/drools-model-compiler/8.18.0.Beta/drools-model-compiler-8.18.0.Beta.jar:/Users/beidaortiz/.m2/repository/org/drools/drools-canonical-model/8.18.0.Beta/drools-canonical-model-8.18.0.Beta.jar:/Users/beidaortiz/.m2/repository/com/github/javaparser/javaparser-core/3.23.1/javaparser-core-3.23.1.jar:/Users/beidaortiz/.m2/repository/org/drools/drools-mvel-parser/8.18.0.Beta/drools-mvel-parser-8.18.0.Beta.jar:/Users/beidaortiz/.m2/repository/org/drools/drools-mvel-compiler/8.18.0.Beta/drools-mvel-compiler-8.18.0.Beta.jar:/Users/beidaortiz/.m2/repository/org/kie/kogito/kogito-quarkus-decisions/1.18.0.Final/kogito-quarkus-decisions-1.18.0.Final.jar:/Users/beidaortiz/.m2/repository/org/kie/kogito/kogito-api-incubation-decisions-services/1.18.0.Final/kogito-api-incubation-decisions-services-1.18.0.Final.jar:/Users/beidaortiz/.m2/repository/org/kie/kogito/kogito-api-incubation-decisions/1.18.0.Final/kogito-api-incubation-decisions-1.18.0.Final.jar:/Users/beidaortiz/.m2/repository/org/kie/kogito/kogito-dmn/1.18.0.Final/kogito-dmn-1.18.0.Final.jar:/Users/beidaortiz/.m2/repository/org/kie/kie-dmn-core/8.18.0.Beta/kie-dmn-core-8.18.0.Beta.jar:/Users/beidaortiz/.m2/repository/org/kie/kie-dmn-backend/8.18.0.Beta/kie-dmn-backend-8.18.0.Beta.jar:/Users/beidaortiz/.m2/repository/org/kie/kie-dmn-feel/8.18.0.Beta/kie-dmn-feel-8.18.0.Beta.jar:/Users/beidaortiz/.m2/repository/ch/obermuhlner/big-math/2.0.1/big-math-2.0.1.jar:/Users/beidaortiz/.m2/repository/org/drools/drools-alphanetwork-compiler/8.18.0.Beta/drools-alphanetwork-compiler-8.18.0.Beta.jar:/Users/beidaortiz/.m2/repository/org/antlr/antlr4-runtime/4.9.2/antlr4-runtime-4.9.2.jar:/Users/beidaortiz/.m2/repository/org/jpmml/pmml-model/1.5.1/pmml-model-1.5.1.jar:/Users/beidaortiz/.m2/repository/org/jpmml/pmml-agent/1.5.1/pmml-agent-1.5.1.jar:/Users/beidaortiz/.m2/repository/org/kie/kie-dmn-validation/8.18.0.Beta/kie-dmn-validation-8.18.0.Beta.jar:/Users/beidaortiz/.m2/repository/org/kie/kogito/kogito-quarkus-predictions/1.18.0.Final/kogito-quarkus-predictions-1.18.0.Final.jar:/Users/beidaortiz/.m2/repository/org/kie/kogito/kogito-pmml/1.18.0.Final/kogito-pmml-1.18.0.Final.jar:/Users/beidaortiz/.m2/repository/org/kie/kie-pmml-dependencies/8.18.0.Beta/kie-pmml-dependencies-8.18.0.Beta.jar:/Users/beidaortiz/.m2/repository/org/kie/kie-pmml-compiler-api/8.18.0.Beta/kie-pmml-compiler-api-8.18.0.Beta.jar:/Users/beidaortiz/.m2/repository/org/glassfish/jaxb/jaxb-runtime/2.3.3-b02/jaxb-runtime-2.3.3-b02.jar:/Users/beidaortiz/.m2/repository/org/glassfish/jaxb/txw2/2.3.3-b02/txw2-2.3.3-b02.jar:/Users/beidaortiz/.m2/repository/com/sun/istack/istack-commons-runtime/3.0.10/istack-commons-runtime-3.0.10.jar:/Users/beidaortiz/.m2/repository/org/kie/kie-pmml-compiler-core/8.18.0.Beta/kie-pmml-compiler-core-8.18.0.Beta.jar:/Users/beidaortiz/.m2/repository/org/kie/kie-pmml-compiler-commons/8.18.0.Beta/kie-pmml-compiler-commons-8.18.0.Beta.jar:/Users/beidaortiz/.m2/repository/org/kie/kie-pmml-evaluator-core/8.18.0.Beta/kie-pmml-evaluator-core-8.18.0.Beta.jar:/Users/beidaortiz/.m2/repository/org/kie/kie-pmml-evaluator-assembler/8.18.0.Beta/kie-pmml-evaluator-assembler-8.18.0.Beta.jar:/Users/beidaortiz/.m2/repository/org/kie/kie-pmml-kie-internal/8.18.0.Beta/kie-pmml-kie-internal-8.18.0.Beta.jar:/Users/beidaortiz/.m2/repository/org/kie/kie-pmml-models-drools-common/8.18.0.Beta/kie-pmml-models-drools-common-8.18.0.Beta.jar:/Users/beidaortiz/.m2/repository/org/kie/kie-pmml-models-regression-model/8.18.0.Beta/kie-pmml-models-regression-model-8.18.0.Beta.jar:/Users/beidaortiz/.m2/repository/org/kie/kie-pmml-models-regression-compiler/8.18.0.Beta/kie-pmml-models-regression-compiler-8.18.0.Beta.jar:/Users/beidaortiz/.m2/repository/org/kie/kie-pmml-models-regression-evaluator/8.18.0.Beta/kie-pmml-models-regression-evaluator-8.18.0.Beta.jar:/Users/beidaortiz/.m2/repository/org/kie/kie-pmml-models-tree-model/8.18.0.Beta/kie-pmml-models-tree-model-8.18.0.Beta.jar:/Users/beidaortiz/.m2/repository/org/kie/kie-pmml-models-tree-compiler/8.18.0.Beta/kie-pmml-models-tree-compiler-8.18.0.Beta.jar:/Users/beidaortiz/.m2/repository/org/kie/kie-pmml-models-tree-evaluator/8.18.0.Beta/kie-pmml-models-tree-evaluator-8.18.0.Beta.jar:/Users/beidaortiz/.m2/repository/org/kie/kie-pmml-models-scorecard-model/8.18.0.Beta/kie-pmml-models-scorecard-model-8.18.0.Beta.jar:/Users/beidaortiz/.m2/repository/org/kie/kie-pmml-models-scorecard-compiler/8.18.0.Beta/kie-pmml-models-scorecard-compiler-8.18.0.Beta.jar:/Users/beidaortiz/.m2/repository/org/kie/kie-pmml-models-scorecard-evaluator/8.18.0.Beta/kie-pmml-models-scorecard-evaluator-8.18.0.Beta.jar:/Users/beidaortiz/.m2/repository/org/kie/kie-pmml-models-mining-model/8.18.0.Beta/kie-pmml-models-mining-model-8.18.0.Beta.jar:/Users/beidaortiz/.m2/repository/org/kie/kie-pmml-models-mining-compiler/8.18.0.Beta/kie-pmml-models-mining-compiler-8.18.0.Beta.jar:/Users/beidaortiz/.m2/repository/org/kie/kie-pmml-models-mining-evaluator/8.18.0.Beta/kie-pmml-models-mining-evaluator-8.18.0.Beta.jar:/Users/beidaortiz/.m2/repository/org/kie/kie-pmml-models-clustering-model/8.18.0.Beta/kie-pmml-models-clustering-model-8.18.0.Beta.jar:/Users/beidaortiz/.m2/repository/org/kie/kie-pmml-models-clustering-compiler/8.18.0.Beta/kie-pmml-models-clustering-compiler-8.18.0.Beta.jar:/Users/beidaortiz/.m2/repository/org/kie/kie-pmml-models-clustering-evaluator/8.18.0.Beta/kie-pmml-models-clustering-evaluator-8.18.0.Beta.jar:/Users/beidaortiz/.m2/repository/org/kie/kogito/kogito-api-incubation-predictions-services/1.18.0.Final/kogito-api-incubation-predictions-services-1.18.0.Final.jar:/Users/beidaortiz/.m2/repository/org/kie/kogito/kogito-api-incubation-predictions/1.18.0.Final/kogito-api-incubation-predictions-1.18.0.Final.jar:/Users/beidaortiz/.m2/repository/org/kie/kogito/kogito-quarkus-processes/1.18.0.Final/kogito-quarkus-processes-1.18.0.Final.jar:/Users/beidaortiz/.m2/repository/org/kie/kogito/kogito-api-incubation-processes-services/1.18.0.Final/kogito-api-incubation-processes-services-1.18.0.Final.jar:/Users/beidaortiz/.m2/repository/org/kie/kogito/kogito-api-incubation-processes/1.18.0.Final/kogito-api-incubation-processes-1.18.0.Final.jar:/Users/beidaortiz/.m2/repository/org/kie/kogito/jbpm-bpmn2/1.18.0.Final/jbpm-bpmn2-1.18.0.Final.jar:/Users/beidaortiz/.m2/repository/org/kie/kogito/jbpm-flow-builder/1.18.0.Final/jbpm-flow-builder-1.18.0.Final.jar:/Users/beidaortiz/.m2/repository/org/drools/drools-xml-support/8.18.0.Beta/drools-xml-support-8.18.0.Beta.jar:/Users/beidaortiz/.m2/repository/org/kie/kogito/jbpm-flow/1.18.0.Final/jbpm-flow-1.18.0.Final.jar:/Users/beidaortiz/.m2/repository/org/kie/kogito/kogito-events-api/1.18.0.Final/kogito-events-api-1.18.0.Final.jar:/Users/beidaortiz/.m2/repository/io/cloudevents/cloudevents-api/2.3.0/cloudevents-api-2.3.0.jar:/Users/beidaortiz/.m2/repository/io/cloudevents/cloudevents-json-jackson/2.3.0/cloudevents-json-jackson-2.3.0.jar:/Users/beidaortiz/.m2/repository/io/cloudevents/cloudevents-core/2.3.0/cloudevents-core-2.3.0.jar:/Users/beidaortiz/.m2/repository/org/kie/kogito/kogito-services/1.18.0.Final/kogito-services-1.18.0.Final.jar:/Users/beidaortiz/.m2/repository/org/kie/kogito/process-workitems/1.18.0.Final/process-workitems-1.18.0.Final.jar:/Users/beidaortiz/.m2/repository/com/github/javaparser/javaparser-symbol-solver-core/3.23.1/javaparser-symbol-solver-core-3.23.1.jar:/Users/beidaortiz/.m2/repository/org/javassist/javassist/3.28.0-GA/javassist-3.28.0-GA.jar:/Users/beidaortiz/.m2/repository/org/drools/drools-mvel/8.18.0.Beta/drools-mvel-8.18.0.Beta.jar:/Users/beidaortiz/.m2/repository/org/kie/kogito/process-serialization-protobuf/1.18.0.Final/process-serialization-protobuf-1.18.0.Final.jar:/Users/beidaortiz/.m2/repository/org/kie/kogito/kogito-jackson-utils/1.18.0.Final/kogito-jackson-utils-1.18.0.Final.jar:/Users/beidaortiz/.m2/repository/com/google/protobuf/protobuf-java/3.19.3/protobuf-java-3.19.3.jar:/Users/beidaortiz/.m2/repository/com/google/protobuf/protobuf-java-util/3.19.3/protobuf-java-util-3.19.3.jar:/Users/beidaortiz/.m2/repository/com/google/guava/guava/30.1.1-jre/guava-30.1.1-jre.jar:/Users/beidaortiz/.m2/repository/com/google/guava/failureaccess/1.0.1/failureaccess-1.0.1.jar:/Users/beidaortiz/.m2/repository/com/google/guava/listenablefuture/9999.0-empty-to-avoid-conflict-with-guava/listenablefuture-9999.0-empty-to-avoid-conflict-with-guava.jar:/Users/beidaortiz/.m2/repository/org/checkerframework/checker-qual/3.21.1/checker-qual-3.21.1.jar:/Users/beidaortiz/.m2/repository/com/google/errorprone/error_prone_annotations/2.10.0/error_prone_annotations-2.10.0.jar:/Users/beidaortiz/.m2/repository/com/google/j2objc/j2objc-annotations/1.3/j2objc-annotations-1.3.jar:/Users/beidaortiz/.m2/repository/com/google/code/findbugs/jsr305/3.0.2/jsr305-3.0.2.jar:/Users/beidaortiz/.m2/repository/com/google/code/gson/gson/2.8.6/gson-2.8.6.jar:/Users/beidaortiz/.m2/repository/org/infinispan/protostream/protostream/4.4.1.Final/protostream-4.4.1.Final.jar:/Users/beidaortiz/.m2/repository/io/smallrye/reactive/smallrye-mutiny-vertx-web-client/2.18.1/smallrye-mutiny-vertx-web-client-2.18.1.jar:/Users/beidaortiz/.m2/repository/io/vertx/vertx-web-client/4.2.4/vertx-web-client-4.2.4.jar:/Users/beidaortiz/.m2/repository/org/eclipse/microprofile/openapi/microprofile-openapi-api/2.0.1/microprofile-openapi-api-2.0.1.jar:/Users/beidaortiz/.m2/repository/io/quarkus/quarkus-smallrye-openapi/2.7.1.Final/quarkus-smallrye-openapi-2.7.1.Final.jar:/Users/beidaortiz/.m2/repository/io/smallrye/smallrye-open-api-core/2.1.17/smallrye-open-api-core-2.1.17.jar:/Users/beidaortiz/.m2/repository/org/eclipse/microprofile/config/microprofile-config-api/2.0/microprofile-config-api-2.0.jar:/Users/beidaortiz/.m2/repository/com/fasterxml/jackson/dataformat/jackson-dataformat-yaml/2.13.1/jackson-dataformat-yaml-2.13.1.jar:/Users/beidaortiz/.m2/repository/org/yaml/snakeyaml/1.30/snakeyaml-1.30.jar:/Users/beidaortiz/.m2/repository/org/jboss/jandex/2.4.2.Final/jandex-2.4.2.Final.jar:/Users/beidaortiz/.m2/repository/io/quarkus/quarkus-core/2.7.1.Final/quarkus-core-2.7.1.Final.jar:/Users/beidaortiz/.m2/repository/jakarta/enterprise/jakarta.enterprise.cdi-api/2.0.2/jakarta.enterprise.cdi-api-2.0.2.jar:/Users/beidaortiz/.m2/repository/jakarta/el/jakarta.el-api/3.0.3/jakarta.el-api-3.0.3.jar:/Users/beidaortiz/.m2/repository/jakarta/interceptor/jakarta.interceptor-api/1.2.5/jakarta.interceptor-api-1.2.5.jar:/Users/beidaortiz/.m2/repository/jakarta/inject/jakarta.inject-api/1.0/jakarta.inject-api-1.0.jar:/Users/beidaortiz/.m2/repository/io/quarkus/quarkus-ide-launcher/2.7.1.Final/quarkus-ide-launcher-2.7.1.Final.jar:/Users/beidaortiz/.m2/repository/io/quarkus/quarkus-development-mode-spi/2.7.1.Final/quarkus-development-mode-spi-2.7.1.Final.jar:/Users/beidaortiz/.m2/repository/io/smallrye/config/smallrye-config/2.8.2/smallrye-config-2.8.2.jar:/Users/beidaortiz/.m2/repository/io/smallrye/config/smallrye-config-core/2.8.2/smallrye-config-core-2.8.2.jar:/Users/beidaortiz/.m2/repository/io/smallrye/common/smallrye-common-expression/1.8.0/smallrye-common-expression-1.8.0.jar:/Users/beidaortiz/.m2/repository/io/smallrye/common/smallrye-common-function/1.8.0/smallrye-common-function-1.8.0.jar:/Users/beidaortiz/.m2/repository/io/smallrye/common/smallrye-common-constraint/1.8.0/smallrye-common-constraint-1.8.0.jar:/Users/beidaortiz/.m2/repository/io/smallrye/common/smallrye-common-classloader/1.8.0/smallrye-common-classloader-1.8.0.jar:/Users/beidaortiz/.m2/repository/io/smallrye/config/smallrye-config-common/2.8.2/smallrye-config-common-2.8.2.jar:/Users/beidaortiz/.m2/repository/org/jboss/logmanager/jboss-logmanager-embedded/1.0.9/jboss-logmanager-embedded-1.0.9.jar:/Users/beidaortiz/.m2/repository/org/jboss/logging/jboss-logging-annotations/2.2.1.Final/jboss-logging-annotations-2.2.1.Final.jar:/Users/beidaortiz/.m2/repository/org/jboss/threads/jboss-threads/3.4.2.Final/jboss-threads-3.4.2.Final.jar:/Users/beidaortiz/.m2/repository/org/slf4j/slf4j-api/1.7.30/slf4j-api-1.7.30.jar:/Users/beidaortiz/.m2/repository/org/jboss/slf4j/slf4j-jboss-logmanager/1.1.0.Final/slf4j-jboss-logmanager-1.1.0.Final.jar:/Users/beidaortiz/.m2/repository/org/graalvm/sdk/graal-sdk/21.3.1/graal-sdk-21.3.1.jar:/Users/beidaortiz/.m2/repository/org/wildfly/common/wildfly-common/1.5.4.Final-format-001/wildfly-common-1.5.4.Final-format-001.jar:/Users/beidaortiz/.m2/repository/io/quarkus/quarkus-bootstrap-runner/2.7.1.Final/quarkus-bootstrap-runner-2.7.1.Final.jar:/Users/beidaortiz/.m2/repository/io/quarkus/quarkus-fs-util/0.0.8/quarkus-fs-util-0.0.8.jar:/Users/beidaortiz/.m2/repository/io/quarkus/quarkus-arc/2.7.1.Final/quarkus-arc-2.7.1.Final.jar:/Users/beidaortiz/.m2/repository/io/quarkus/arc/arc/2.7.1.Final/arc-2.7.1.Final.jar:/Users/beidaortiz/.m2/repository/jakarta/transaction/jakarta.transaction-api/1.3.3/jakarta.transaction-api-1.3.3.jar:/Users/beidaortiz/.m2/repository/org/eclipse/microprofile/context-propagation/microprofile-context-propagation-api/1.2/microprofile-context-propagation-api-1.2.jar:/Users/beidaortiz/.m2/repository/io/quarkus/quarkus-swagger-ui/2.7.1.Final/quarkus-swagger-ui-2.7.1.Final.jar:/Users/beidaortiz/.m2/repository/io/quarkus/quarkus-junit5/2.7.1.Final/quarkus-junit5-2.7.1.Final.jar:/Users/beidaortiz/.m2/repository/io/quarkus/quarkus-bootstrap-core/2.7.1.Final/quarkus-bootstrap-core-2.7.1.Final.jar:/Users/beidaortiz/.m2/repository/io/quarkus/quarkus-bootstrap-app-model/2.7.1.Final/quarkus-bootstrap-app-model-2.7.1.Final.jar:/Users/beidaortiz/.m2/repository/io/quarkus/quarkus-bootstrap-maven-resolver/2.7.1.Final/quarkus-bootstrap-maven-resolver-2.7.1.Final.jar:/Users/beidaortiz/.m2/repository/org/apache/maven/maven-embedder/3.8.4/maven-embedder-3.8.4.jar:/Users/beidaortiz/.m2/repository/org/apache/maven/maven-settings/3.8.4/maven-settings-3.8.4.jar:/Users/beidaortiz/.m2/repository/org/apache/maven/maven-core/3.8.1/maven-core-3.8.1.jar:/Users/beidaortiz/.m2/repository/org/apache/maven/maven-artifact/3.8.1/maven-artifact-3.8.1.jar:/Users/beidaortiz/.m2/repository/org/codehaus/plexus/plexus-component-annotations/1.6/plexus-component-annotations-1.6.jar:/Users/beidaortiz/.m2/repository/org/apache/maven/maven-plugin-api/3.8.1/maven-plugin-api-3.8.1.jar:/Users/beidaortiz/.m2/repository/org/apache/maven/maven-model/3.8.4/maven-model-3.8.4.jar:/Users/beidaortiz/.m2/repository/org/apache/maven/maven-model-builder/3.8.4/maven-model-builder-3.8.4.jar:/Users/beidaortiz/.m2/repository/org/apache/maven/maven-builder-support/3.8.4/maven-builder-support-3.8.4.jar:/Users/beidaortiz/.m2/repository/org/apache/maven/resolver/maven-resolver-api/1.6.3/maven-resolver-api-1.6.3.jar:/Users/beidaortiz/.m2/repository/org/apache/maven/resolver/maven-resolver-util/1.6.3/maven-resolver-util-1.6.3.jar:/Users/beidaortiz/.m2/repository/org/apache/maven/shared/maven-shared-utils/3.3.4/maven-shared-utils-3.3.4.jar:/Users/beidaortiz/.m2/repository/commons-io/commons-io/2.11.0/commons-io-2.11.0.jar:/Users/beidaortiz/.m2/repository/com/google/inject/guice/4.2.2/guice-4.2.2-no_aop.jar:/Users/beidaortiz/.m2/repository/org/codehaus/plexus/plexus-classworlds/2.6.0/plexus-classworlds-2.6.0.jar:/Users/beidaortiz/.m2/repository/org/codehaus/plexus/plexus-sec-dispatcher/2.0/plexus-sec-dispatcher-2.0.jar:/Users/beidaortiz/.m2/repository/org/codehaus/plexus/plexus-cipher/2.0/plexus-cipher-2.0.jar:/Users/beidaortiz/.m2/repository/commons-cli/commons-cli/1.4/commons-cli-1.4.jar:/Users/beidaortiz/.m2/repository/org/eclipse/sisu/org.eclipse.sisu.plexus/0.3.5/org.eclipse.sisu.plexus-0.3.5.jar:/Users/beidaortiz/.m2/repository/org/apache/maven/maven-settings-builder/3.8.4/maven-settings-builder-3.8.4.jar:/Users/beidaortiz/.m2/repository/org/codehaus/plexus/plexus-interpolation/1.26/plexus-interpolation-1.26.jar:/Users/beidaortiz/.m2/repository/org/apache/maven/maven-resolver-provider/3.8.4/maven-resolver-provider-3.8.4.jar:/Users/beidaortiz/.m2/repository/org/apache/maven/maven-repository-metadata/3.8.4/maven-repository-metadata-3.8.4.jar:/Users/beidaortiz/.m2/repository/org/apache/maven/resolver/maven-resolver-spi/1.6.3/maven-resolver-spi-1.6.3.jar:/Users/beidaortiz/.m2/repository/org/apache/maven/resolver/maven-resolver-impl/1.6.3/maven-resolver-impl-1.6.3.jar:/Users/beidaortiz/.m2/repository/org/codehaus/plexus/plexus-utils/3.3.0/plexus-utils-3.3.0.jar:/Users/beidaortiz/.m2/repository/org/apache/maven/resolver/maven-resolver-connector-basic/1.6.3/maven-resolver-connector-basic-1.6.3.jar:/Users/beidaortiz/.m2/repository/org/apache/maven/resolver/maven-resolver-transport-wagon/1.6.3/maven-resolver-transport-wagon-1.6.3.jar:/Users/beidaortiz/.m2/repository/org/apache/maven/wagon/wagon-http/3.4.3/wagon-http-3.4.3.jar:/Users/beidaortiz/.m2/repository/org/apache/maven/wagon/wagon-http-shared/3.4.3/wagon-http-shared-3.4.3.jar:/Users/beidaortiz/.m2/repository/org/jsoup/jsoup/1.14.2/jsoup-1.14.2.jar:/Users/beidaortiz/.m2/repository/org/apache/maven/wagon/wagon-provider-api/3.4.3/wagon-provider-api-3.4.3.jar:/Users/beidaortiz/.m2/repository/org/apache/maven/wagon/wagon-file/3.4.3/wagon-file-3.4.3.jar:/Users/beidaortiz/.m2/repository/io/quarkus/quarkus-bootstrap-gradle-resolver/2.7.1.Final/quarkus-bootstrap-gradle-resolver-2.7.1.Final.jar:/Users/beidaortiz/.m2/repository/io/smallrye/common/smallrye-common-io/1.8.0/smallrye-common-io-1.8.0.jar:/Users/beidaortiz/.m2/repository/org/eclipse/sisu/org.eclipse.sisu.inject/0.3.5/org.eclipse.sisu.inject-0.3.5.jar:/Users/beidaortiz/.m2/repository/io/quarkus/quarkus-test-common/2.7.1.Final/quarkus-test-common-2.7.1.Final.jar:/Users/beidaortiz/.m2/repository/io/quarkus/quarkus-core-deployment/2.7.1.Final/quarkus-core-deployment-2.7.1.Final.jar:/Users/beidaortiz/.m2/repository/org/aesh/readline/2.2/readline-2.2.jar:/Users/beidaortiz/.m2/repository/org/fusesource/jansi/jansi/1.18/jansi-1.18.jar:/Users/beidaortiz/.m2/repository/org/aesh/aesh/2.6/aesh-2.6.jar:/Users/beidaortiz/.m2/repository/org/ow2/asm/asm/9.2/asm-9.2.jar:/Users/beidaortiz/.m2/repository/org/ow2/asm/asm-commons/9.2/asm-commons-9.2.jar:/Users/beidaortiz/.m2/repository/org/ow2/asm/asm-tree/9.2/asm-tree-9.2.jar:/Users/beidaortiz/.m2/repository/org/ow2/asm/asm-analysis/9.2/asm-analysis-9.2.jar:/Users/beidaortiz/.m2/repository/io/quarkus/quarkus-class-change-agent/2.7.1.Final/quarkus-class-change-agent-2.7.1.Final.jar:/Users/beidaortiz/.m2/repository/io/quarkus/quarkus-devtools-utilities/2.7.1.Final/quarkus-devtools-utilities-2.7.1.Final.jar:/Users/beidaortiz/.m2/repository/io/quarkus/quarkus-builder/2.7.1.Final/quarkus-builder-2.7.1.Final.jar:/Users/beidaortiz/.m2/repository/org/junit/platform/junit-platform-launcher/1.8.2/junit-platform-launcher-1.8.2.jar:/Users/beidaortiz/.m2/repository/io/quarkus/quarkus-jsonp-deployment/2.7.1.Final/quarkus-jsonp-deployment-2.7.1.Final.jar:/Users/beidaortiz/.m2/repository/org/jboss/logging/commons-logging-jboss-logging/1.0.0.Final/commons-logging-jboss-logging-1.0.0.Final.jar:/Users/beidaortiz/.m2/repository/io/quarkus/quarkus-junit5-properties/2.7.1.Final/quarkus-junit5-properties-2.7.1.Final.jar:/Users/beidaortiz/.m2/repository/org/junit/jupiter/junit-jupiter/5.8.2/junit-jupiter-5.8.2.jar:/Users/beidaortiz/.m2/repository/org/junit/jupiter/junit-jupiter-api/5.8.2/junit-jupiter-api-5.8.2.jar:/Users/beidaortiz/.m2/repository/org/opentest4j/opentest4j/1.2.0/opentest4j-1.2.0.jar:/Users/beidaortiz/.m2/repository/org/junit/platform/junit-platform-commons/1.8.2/junit-platform-commons-1.8.2.jar:/Users/beidaortiz/.m2/repository/org/apiguardian/apiguardian-api/1.1.2/apiguardian-api-1.1.2.jar:/Users/beidaortiz/.m2/repository/org/junit/jupiter/junit-jupiter-params/5.8.2/junit-jupiter-params-5.8.2.jar:/Users/beidaortiz/.m2/repository/org/junit/jupiter/junit-jupiter-engine/5.8.2/junit-jupiter-engine-5.8.2.jar:/Users/beidaortiz/.m2/repository/org/junit/platform/junit-platform-engine/1.8.2/junit-platform-engine-1.8.2.jar:/Users/beidaortiz/.m2/repository/com/thoughtworks/xstream/xstream/1.4.17/xstream-1.4.17.jar:/Users/beidaortiz/.m2/repository/io/github/x-stream/mxparser/1.2.1/mxparser-1.2.1.jar:/Users/beidaortiz/.m2/repository/xmlpull/xmlpull/1.1.3.1/xmlpull-1.1.3.1.jar:/Users/beidaortiz/.m2/repository/io/rest-assured/rest-assured/4.4.0/rest-assured-4.4.0.jar:/Users/beidaortiz/.m2/repository/org/codehaus/groovy/groovy/3.0.8/groovy-3.0.8.jar:/Users/beidaortiz/.m2/repository/org/codehaus/groovy/groovy-xml/3.0.8/groovy-xml-3.0.8.jar:/Users/beidaortiz/.m2/repository/org/apache/httpcomponents/httpclient/4.5.13/httpclient-4.5.13.jar:/Users/beidaortiz/.m2/repository/org/apache/httpcomponents/httpcore/4.4.15/httpcore-4.4.15.jar:/Users/beidaortiz/.m2/repository/commons-codec/commons-codec/1.15/commons-codec-1.15.jar:/Users/beidaortiz/.m2/repository/org/apache/httpcomponents/httpmime/4.5.13/httpmime-4.5.13.jar:/Users/beidaortiz/.m2/repository/org/hamcrest/hamcrest/2.1/hamcrest-2.1.jar:/Users/beidaortiz/.m2/repository/org/ccil/cowan/tagsoup/tagsoup/1.2.1/tagsoup-1.2.1.jar:/Users/beidaortiz/.m2/repository/io/rest-assured/json-path/4.4.0/json-path-4.4.0.jar:/Users/beidaortiz/.m2/repository/org/codehaus/groovy/groovy-json/3.0.8/groovy-json-3.0.8.jar:/Users/beidaortiz/.m2/repository/io/rest-assured/rest-assured-common/4.4.0/rest-assured-common-4.4.0.jar:/Users/beidaortiz/.m2/repository/io/rest-assured/xml-path/4.4.0/xml-path-4.4.0.jar:/Users/beidaortiz/.m2/repository/org/apache/commons/commons-lang3/3.12.0/commons-lang3-3.12.0.jar:/Users/beidaortiz/.m2/repository/jakarta/xml/bind/jakarta.xml.bind-api/2.3.3/jakarta.xml.bind-api-2.3.3.jar:/Users/beidaortiz/.m2/repository/com/sun/xml/bind/jaxb-impl/2.3.5/jaxb-impl-2.3.5.jar:/Users/beidaortiz/.m2/repository/io/quarkus/quarkus-smallrye-health/2.7.1.Final/quarkus-smallrye-health-2.7.1.Final.jar:/Users/beidaortiz/.m2/repository/io/smallrye/smallrye-health/3.1.2/smallrye-health-3.1.2.jar:/Users/beidaortiz/.m2/repository/org/eclipse/microprofile/health/microprofile-health-api/3.1/microprofile-health-api-3.1.jar:/Users/beidaortiz/.m2/repository/io/smallrye/smallrye-health-api/3.1.2/smallrye-health-api-3.1.2.jar:/Users/beidaortiz/.m2/repository/io/smallrye/smallrye-health-provided-checks/3.1.2/smallrye-health-provided-checks-3.1.2.jar:/Users/beidaortiz/.m2/repository/io/quarkus/quarkus-jsonp/2.7.1.Final/quarkus-jsonp-2.7.1.Final.jar:/Users/beidaortiz/.m2/repository/org/glassfish/jakarta.json/1.1.6/jakarta.json-1.1.6.jar:"/>
    <property name="sun.cpu.endian" value="little"/>
    <property name="user.home" value="/Users/beidaortiz"/>
    <property name="user.language" value="en"/>
    <property name="maven.settings" value="/Users/beidaortiz/.m2/settings.xml"/>
    <property name="java.specification.vendor" value="Oracle Corporation"/>
    <property name="io.netty.allocator.maxOrder" value="3"/>
    <property name="java.version.date" value="2018-10-16"/>
    <property name="java.home" value="/Library/Java/JavaVirtualMachines/jdk-11.0.1.jdk/Contents/Home"/>
    <property name="file.separator" value="/"/>
    <property name="basedir" value="/Users/beidaortiz/Downloads/kogito-examples-stable/kogito-quarkus-examples/process-business-rules-quarkus"/>
    <property name="java.vm.compressedOopsMode" value="Zero based"/>
    <property name="line.separator" value="&#10;"/>
    <property name="java.specification.name" value="Java Platform API Specification"/>
    <property name="java.vm.specification.vendor" value="Oracle Corporation"/>
    <property name="java.awt.graphicsenv" value="sun.awt.CGraphicsEnvironment"/>
    <property name="%test.quarkus.http.port" value="64496"/>
    <property name="org.uberfire.sys.repo.monitor.disabled" value="true"/>
    <property name="surefire.real.class.path" value="/Users/beidaortiz/Downloads/kogito-examples-stable/kogito-quarkus-examples/process-business-rules-quarkus/target/surefire/surefirebooter9098343267578839715.jar"/>
    <property name="tests.category" value=""/>
    <property name="sun.management.compiler" value="HotSpot 64-Bit Tiered Compilers"/>
    <property name="ftp.nonProxyHosts" value="local|*.local|169.254/16|*.169.254/16"/>
    <property name="java.runtime.version" value="11.0.1+13"/>
    <property name="user.name" value="beidaortiz"/>
    <property name="path.separator" value=":"/>
    <property name="os.version" value="10.16"/>
    <property name="java.runtime.name" value="OpenJDK Runtime Environment"/>
    <property name="file.encoding" value="UTF-8"/>
    <property name="java.vm.name" value="OpenJDK 64-Bit Server VM"/>
    <property name="java.vendor.version" value="18.9"/>
    <property name="org.uberfire.nio.git.ssh.enabled" value="false"/>
    <property name="localRepository" value="/Users/beidaortiz/.m2/repository"/>
    <property name="java.vendor.url.bug" value="http://bugreport.java.com/bugreport/"/>
    <property name="java.io.tmpdir" value="/Users/beidaortiz/Downloads/kogito-examples-stable/kogito-quarkus-examples/process-business-rules-quarkus/target"/>
    <property name="quarkus.log.file.path" value="target/quarkus.log"/>
    <property name="java.version" value="11.0.1"/>
    <property name="java.util.concurrent.ForkJoinPool.common.threadFactory" value="io.quarkus.bootstrap.forkjoin.QuarkusForkJoinWorkerThreadFactory"/>
    <property name="user.dir" value="/Users/beidaortiz/Downloads/kogito-examples-stable/kogito-quarkus-examples/process-business-rules-quarkus"/>
    <property name="os.arch" value="x86_64"/>
    <property name="java.vm.specification.name" value="Java Virtual Machine Specification"/>
    <property name="vertx.disableDnsResolver" value="true"/>
    <property name="java.awt.printerjob" value="sun.lwawt.macosx.CPrinterJob"/>
    <property name="sun.os.patch.level" value="unknown"/>
    <property name="java.util.logging.manager" value="org.jboss.logmanager.LogManager"/>
    <property name="java.library.path" value="/Users/beidaortiz/Library/Java/Extensions:/Library/Java/Extensions:/Network/Library/Java/Extensions:/System/Library/Java/Extensions:/usr/lib/java:."/>
    <property name="java.vendor" value="Oracle Corporation"/>
    <property name="java.vm.info" value="mixed mode"/>
    <property name="vertx.disableTCCL" value="true"/>
    <property name="java.vm.version" value="11.0.1+13"/>
    <property name="sun.io.unicode.encoding" value="UnicodeBig"/>
    <property name="apple.awt.UIElement" value="true"/>
    <property name="maven.repo.local" value="/Users/beidaortiz/.m2/repository"/>
    <property name="io.netty.machineId" value="a9:ea:42:4a:c6:76:62:b0"/>
    <property name="java.class.version" value="55.0"/>
    <property name="socksNonProxyHosts" value="local|*.local|169.254/16|*.169.254/16"/>
    <property name="quarkus.http.port" value="64496"/>
    <property name="mp.openapi.extensions.smallrye.defaultConsumes" value="application/json"/>
  </properties>
  <testcase name="testAdult" classname="org.acme.travels.PersonProcessTest" time="0.976">
    <system-out><![CDATA[2022-03-24 13:54:44,716 INFO  [org.jbo.threads] (main) JBoss Threads version 3.4.2.Final
2022-03-24 13:54:44,978 INFO  [org.kie.kog.cod.api.uti.AddonsConfigDiscovery] (build-44) Performed addonsConfig discovery, found: AddonsConfig{usePersistence=false, useTracing=false, useMonitoring=false, usePrometheusMonitoring=false, useCloudEvents=false, useExplainability=false, useProcessSVG=false, useEventDrivenDecisions=false, useEventDrivenRules=false}
2022-03-24 13:54:45,308 INFO  [org.kie.kog.cod.cor.uti.ApplicationGeneratorDiscovery] (build-43) Generator discovery performed, found [openapispecs, processes, rules, decisions, predictions]
2022-03-24 13:54:45,309 INFO  [org.kie.kog.cod.cor.ApplicationGenerator] (build-43) Skipping generator 'openapispecs' because disabled
2022-03-24 13:54:45,309 INFO  [org.kie.kog.cod.cor.ApplicationGenerator] (build-43) Skipping generator 'decisions' because disabled
2022-03-24 13:54:45,310 INFO  [org.kie.kog.cod.cor.ApplicationGenerator] (build-43) Skipping generator 'predictions' because disabled
2022-03-24 13:54:45,697 WARN  [org.kie.kog.cod.pro.ProcessCodegen] (build-43) There's already a generated file named org/acme/travels/PersonsModel.java to be compiled. Ignoring.
2022-03-24 13:54:49,926 INFO  [io.quarkus] (main) Quarkus 2.7.1.Final on JVM started in 6.050s. Listening on: http://localhost:64496
2022-03-24 13:54:49,926 INFO  [io.quarkus] (main) Profile test activated. 
2022-03-24 13:54:49,926 INFO  [io.quarkus] (main) Installed features: [cdi, kogito-decisions, kogito-predictions, kogito-processes, kogito-rules, resteasy, resteasy-jackson, smallrye-context-propagation, smallrye-health, smallrye-openapi, swagger-ui, vertx]
]]></system-out>
  </testcase>
  <testcase name="testChild" classname="org.acme.travels.PersonProcessTest" time="0.022"/>
</testsuite>